2018-05-15 22:20:44,935 INFO [restartedMain] c.e.C.Chapter4Application [StartupInfoLogger.java:50] Starting Chapter4Application on DESKTOP-IM9MBUJ with PID 5416 (E:\development\JavaTutarial\SpringBoot-Ebook\Chapter4\build\classes\java\main started by okan in E:\development\JavaTutarial\SpringBoot-Ebook\Chapter4)
2018-05-15 22:20:44,947 DEBUG [restartedMain] c.e.C.Chapter4Application [StartupInfoLogger.java:53] Running with Spring Boot v2.0.2.RELEASE, Spring v5.0.6.RELEASE
2018-05-15 22:20:44,949 INFO [restartedMain] c.e.C.Chapter4Application [SpringApplication.java:659] No active profile set, falling back to default profiles: default
2018-05-15 22:20:45,030 INFO [restartedMain] o.s.b.w.s.c.AnnotationConfigServletWebServerApplicationContext [AbstractApplicationContext.java:590] Refreshing org.springframework.boot.web.servlet.context.AnnotationConfigServletWebServerApplicationContext@27e986d4: startup date [Tue May 15 22:20:45 EET 2018]; root of context hierarchy
2018-05-15 22:20:47,640 INFO [restartedMain] o.s.b.w.e.t.TomcatWebServer [TomcatWebServer.java:91] Tomcat initialized with port(s): 8080 (http)
2018-05-15 22:20:47,687 INFO [restartedMain] o.a.c.h.Http11NioProtocol [DirectJDKLog.java:180] Initializing ProtocolHandler ["http-nio-8080"]
2018-05-15 22:20:47,702 INFO [restartedMain] o.a.c.c.StandardService [DirectJDKLog.java:180] Starting service [Tomcat]
2018-05-15 22:20:47,702 INFO [restartedMain] o.a.c.c.StandardEngine [DirectJDKLog.java:180] Starting Servlet Engine: Apache Tomcat/8.5.31
2018-05-15 22:20:47,736 INFO [localhost-startStop-1] o.a.c.c.AprLifecycleListener [DirectJDKLog.java:180] The APR based Apache Tomcat Native library which allows optimal performance in production environments was not found on the java.library.path: [E:\development\devTools\java\jdk1.8.0_161\bin;C:\WINDOWS\Sun\Java\bin;C:\WINDOWS\system32;C:\WINDOWS;C:\Program Files\Docker\Docker\Resources\bin;E:\app\product\12.1.0\client_1;E:\app\product\12.1.0\client_1\bin;C:\oraclexe\app\oracle\product\11.2.0\server\bin;C:\WINDOWS\system32;C:\WINDOWS;C:\WINDOWS\System32\Wbem;C:\WINDOWS\System32\WindowsPowerShell\v1.0\;C:\Program Files (x86)\Skype\Phone\;C:\Users\okan\.dnx\bin;C:\Program Files\Microsoft DNX\Dnvm\;C:\Program Files\Microsoft SQL Server\120\Tools\Binn\;C:\Program Files\Microsoft SQL Server\130\Tools\Binn\;C:\Program Files\Git\cmd;E:\development\devTools\java\jdk1.8.0_161\bin;E:\development\devTools\gradle-4.5.1\bin;C:\Program Files (x86)\NVIDIA Corporation\PhysX\Common;E:\development\devTools\apache-maven-3.5.3\bin;E:\development\devTools\apache-maven-3.5.3\bin;C:\Users\okan\AppData\Local\Microsoft\WindowsApps;;.]
2018-05-15 22:20:47,854 INFO [localhost-startStop-1] o.a.c.c.C.[.[.[/] [DirectJDKLog.java:180] Initializing Spring embedded WebApplicationContext
2018-05-15 22:20:47,854 INFO [localhost-startStop-1] o.s.w.c.ContextLoader [ServletWebServerApplicationContext.java:285] Root WebApplicationContext: initialization completed in 2824 ms
2018-05-15 22:20:48,001 INFO [localhost-startStop-1] o.s.b.w.s.ServletRegistrationBean [ServletRegistrationBean.java:185] Servlet dispatcherServlet mapped to [/]
2018-05-15 22:20:48,001 INFO [localhost-startStop-1] o.s.b.w.s.FilterRegistrationBean [AbstractFilterRegistrationBean.java:244] Mapping filter: 'characterEncodingFilter' to: [/*]
2018-05-15 22:20:48,001 INFO [localhost-startStop-1] o.s.b.w.s.FilterRegistrationBean [AbstractFilterRegistrationBean.java:244] Mapping filter: 'hiddenHttpMethodFilter' to: [/*]
2018-05-15 22:20:48,001 INFO [localhost-startStop-1] o.s.b.w.s.FilterRegistrationBean [AbstractFilterRegistrationBean.java:244] Mapping filter: 'httpPutFormContentFilter' to: [/*]
2018-05-15 22:20:48,001 INFO [localhost-startStop-1] o.s.b.w.s.FilterRegistrationBean [AbstractFilterRegistrationBean.java:244] Mapping filter: 'requestContextFilter' to: [/*]
2018-05-15 22:20:48,217 INFO [restartedMain] o.s.w.s.h.SimpleUrlHandlerMapping [AbstractUrlHandlerMapping.java:373] Mapped URL path [/**/favicon.ico] onto handler of type [class org.springframework.web.servlet.resource.ResourceHttpRequestHandler]
2018-05-15 22:20:48,467 INFO [restartedMain] o.s.w.s.m.m.a.RequestMappingHandlerAdapter [RequestMappingHandlerAdapter.java:574] Looking for @ControllerAdvice: org.springframework.boot.web.servlet.context.AnnotationConfigServletWebServerApplicationContext@27e986d4: startup date [Tue May 15 22:20:45 EET 2018]; root of context hierarchy
2018-05-15 22:20:48,561 INFO [restartedMain] o.s.w.s.m.m.a.RequestMappingHandlerMapping [AbstractHandlerMethodMapping.java:547] Mapped "{[/]}" onto public java.lang.String com.example.Chapter4.HomeController.home(org.springframework.ui.Model)
2018-05-15 22:20:48,561 INFO [restartedMain] o.s.w.s.m.m.a.RequestMappingHandlerMapping [AbstractHandlerMethodMapping.java:547] Mapped "{[/error]}" onto public org.springframework.http.ResponseEntity<java.util.Map<java.lang.String, java.lang.Object>> org.springframework.boot.autoconfigure.web.servlet.error.BasicErrorController.error(javax.servlet.http.HttpServletRequest)
2018-05-15 22:20:48,576 INFO [restartedMain] o.s.w.s.m.m.a.RequestMappingHandlerMapping [AbstractHandlerMethodMapping.java:547] Mapped "{[/error],produces=[text/html]}" onto public org.springframework.web.servlet.ModelAndView org.springframework.boot.autoconfigure.web.servlet.error.BasicErrorController.errorHtml(javax.servlet.http.HttpServletRequest,javax.servlet.http.HttpServletResponse)
2018-05-15 22:20:48,592 INFO [restartedMain] o.s.w.s.h.SimpleUrlHandlerMapping [AbstractUrlHandlerMapping.java:373] Mapped URL path [/webjars/**] onto handler of type [class org.springframework.web.servlet.resource.ResourceHttpRequestHandler]
2018-05-15 22:20:48,608 INFO [restartedMain] o.s.w.s.h.SimpleUrlHandlerMapping [AbstractUrlHandlerMapping.java:373] Mapped URL path [/**] onto handler of type [class org.springframework.web.servlet.resource.ResourceHttpRequestHandler]
2018-05-15 22:20:48,655 INFO [restartedMain] o.s.b.a.w.s.WelcomePageHandlerMapping [WelcomePageHandlerMapping.java:56] Adding welcome page: class path resource [public/index.html]
2018-05-15 22:20:48,795 INFO [restartedMain] o.s.b.d.a.OptionalLiveReloadServer [OptionalLiveReloadServer.java:57] LiveReload server is running on port 35729
2018-05-15 22:20:48,858 INFO [restartedMain] o.s.j.e.a.AnnotationMBeanExporter [MBeanExporter.java:433] Registering beans for JMX exposure on startup
2018-05-15 22:20:48,889 INFO [restartedMain] o.a.c.h.Http11NioProtocol [DirectJDKLog.java:180] Starting ProtocolHandler ["http-nio-8080"]
2018-05-15 22:20:49,002 INFO [restartedMain] o.a.t.u.n.NioSelectorPool [DirectJDKLog.java:180] Using a shared selector for servlet write/read
2018-05-15 22:20:49,033 INFO [restartedMain] o.s.b.w.e.t.TomcatWebServer [TomcatWebServer.java:206] Tomcat started on port(s): 8080 (http) with context path ''
2018-05-15 22:20:49,033 INFO [restartedMain] c.e.C.Chapter4Application [StartupInfoLogger.java:59] Started Chapter4Application in 5.158 seconds (JVM running for 6.3)
2018-05-15 22:21:20,401 INFO [http-nio-8080-exec-1] o.a.c.c.C.[.[.[/] [DirectJDKLog.java:180] Initializing Spring FrameworkServlet 'dispatcherServlet'
2018-05-15 22:21:20,402 INFO [http-nio-8080-exec-1] o.s.w.s.DispatcherServlet [FrameworkServlet.java:494] FrameworkServlet 'dispatcherServlet': initialization started
2018-05-15 22:21:20,418 INFO [http-nio-8080-exec-1] o.s.w.s.DispatcherServlet [FrameworkServlet.java:509] FrameworkServlet 'dispatcherServlet': initialization completed in 16 ms
2018-05-15 22:22:05,380 INFO [Test worker] o.s.b.t.c.SpringBootTestContextBootstrapper [AbstractTestContextBootstrapper.java:308] Neither @ContextConfiguration nor @ContextHierarchy found for test class [com.example.Chapter4.Chapter4ApplicationTests], using SpringBootContextLoader
2018-05-15 22:22:05,396 INFO [Test worker] o.s.t.c.s.AbstractContextLoader [AbstractContextLoader.java:264] Could not detect default resource locations for test class [com.example.Chapter4.Chapter4ApplicationTests]: no resource found for suffixes {-context.xml, Context.groovy}.
2018-05-15 22:22:05,396 INFO [Test worker] o.s.t.c.s.AnnotationConfigContextLoaderUtils [AnnotationConfigContextLoaderUtils.java:83] Could not detect default configuration classes for test class [com.example.Chapter4.Chapter4ApplicationTests]: Chapter4ApplicationTests does not declare any static, non-private, non-final, nested classes annotated with @Configuration.
2018-05-15 22:22:05,490 INFO [Test worker] o.s.b.t.c.SpringBootTestContextBootstrapper [SpringBootTestContextBootstrapper.java:244] Found @SpringBootConfiguration com.example.Chapter4.Chapter4Application for test class com.example.Chapter4.Chapter4ApplicationTests
2018-05-15 22:22:05,599 INFO [Test worker] o.s.b.t.c.SpringBootTestContextBootstrapper [AbstractTestContextBootstrapper.java:248] Loaded default TestExecutionListener class names from location [META-INF/spring.factories]: [org.springframework.boot.test.autoconfigure.restdocs.RestDocsTestExecutionListener, org.springframework.boot.test.autoconfigure.web.client.MockRestServiceServerResetTestExecutionListener, org.springframework.boot.test.autoconfigure.web.servlet.MockMvcPrintOnlyOnFailureTestExecutionListener, org.springframework.boot.test.autoconfigure.web.servlet.WebDriverTestExecutionListener, org.springframework.boot.test.mock.mockito.MockitoTestExecutionListener, org.springframework.boot.test.mock.mockito.ResetMocksTestExecutionListener, org.springframework.test.context.web.ServletTestExecutionListener, org.springframework.test.context.support.DirtiesContextBeforeModesTestExecutionListener, org.springframework.test.context.support.DependencyInjectionTestExecutionListener, org.springframework.test.context.support.DirtiesContextTestExecutionListener, org.springframework.test.context.transaction.TransactionalTestExecutionListener, org.springframework.test.context.jdbc.SqlScriptsTestExecutionListener]
2018-05-15 22:22:05,615 INFO [Test worker] o.s.b.t.c.SpringBootTestContextBootstrapper [AbstractTestContextBootstrapper.java:177] Using TestExecutionListeners: [org.springframework.test.context.web.ServletTestExecutionListener@1faecd38, org.springframework.test.context.support.DirtiesContextBeforeModesTestExecutionListener@636eadd1, org.springframework.boot.test.mock.mockito.MockitoTestExecutionListener@1ad8d2f2, org.springframework.boot.test.autoconfigure.SpringBootDependencyInjectionTestExecutionListener@70498883, org.springframework.test.context.support.DirtiesContextTestExecutionListener@19675cbf, org.springframework.boot.test.autoconfigure.restdocs.RestDocsTestExecutionListener@f717a67, org.springframework.boot.test.autoconfigure.web.client.MockRestServiceServerResetTestExecutionListener@53e27639, org.springframework.boot.test.autoconfigure.web.servlet.MockMvcPrintOnlyOnFailureTestExecutionListener@6f53f156, org.springframework.boot.test.autoconfigure.web.servlet.WebDriverTestExecutionListener@4cf2daa7, org.springframework.boot.test.mock.mockito.ResetMocksTestExecutionListener@48d4331c]
2018-05-15 22:22:05,865 INFO [Test worker] c.e.C.Chapter4ApplicationTests [StartupInfoLogger.java:50] Starting Chapter4ApplicationTests on DESKTOP-IM9MBUJ with PID 10956 (started by okan in E:\development\JavaTutarial\SpringBoot-Ebook\Chapter4)
2018-05-15 22:22:05,865 DEBUG [Test worker] c.e.C.Chapter4ApplicationTests [StartupInfoLogger.java:53] Running with Spring Boot v2.0.2.RELEASE, Spring v5.0.6.RELEASE
2018-05-15 22:22:05,865 INFO [Test worker] c.e.C.Chapter4ApplicationTests [SpringApplication.java:659] No active profile set, falling back to default profiles: default
2018-05-15 22:22:05,927 INFO [Test worker] o.s.w.c.s.GenericWebApplicationContext [AbstractApplicationContext.java:590] Refreshing org.springframework.web.context.support.GenericWebApplicationContext@2907dbe3: startup date [Tue May 15 22:22:05 EET 2018]; root of context hierarchy
2018-05-15 22:22:07,105 INFO [Test worker] o.s.w.s.h.SimpleUrlHandlerMapping [AbstractUrlHandlerMapping.java:373] Mapped URL path [/**/favicon.ico] onto handler of type [class org.springframework.web.servlet.resource.ResourceHttpRequestHandler]
2018-05-15 22:22:07,332 INFO [Test worker] o.s.w.s.m.m.a.RequestMappingHandlerAdapter [RequestMappingHandlerAdapter.java:574] Looking for @ControllerAdvice: org.springframework.web.context.support.GenericWebApplicationContext@2907dbe3: startup date [Tue May 15 22:22:05 EET 2018]; root of context hierarchy
2018-05-15 22:22:07,410 INFO [Test worker] o.s.w.s.m.m.a.RequestMappingHandlerMapping [AbstractHandlerMethodMapping.java:547] Mapped "{[/]}" onto public java.lang.String com.example.Chapter4.HomeController.home(org.springframework.ui.Model)
2018-05-15 22:22:07,410 INFO [Test worker] o.s.w.s.m.m.a.RequestMappingHandlerMapping [AbstractHandlerMethodMapping.java:547] Mapped "{[/error]}" onto public org.springframework.http.ResponseEntity<java.util.Map<java.lang.String, java.lang.Object>> org.springframework.boot.autoconfigure.web.servlet.error.BasicErrorController.error(javax.servlet.http.HttpServletRequest)
2018-05-15 22:22:07,410 INFO [Test worker] o.s.w.s.m.m.a.RequestMappingHandlerMapping [AbstractHandlerMethodMapping.java:547] Mapped "{[/error],produces=[text/html]}" onto public org.springframework.web.servlet.ModelAndView org.springframework.boot.autoconfigure.web.servlet.error.BasicErrorController.errorHtml(javax.servlet.http.HttpServletRequest,javax.servlet.http.HttpServletResponse)
2018-05-15 22:22:07,441 INFO [Test worker] o.s.w.s.h.SimpleUrlHandlerMapping [AbstractUrlHandlerMapping.java:373] Mapped URL path [/webjars/**] onto handler of type [class org.springframework.web.servlet.resource.ResourceHttpRequestHandler]
2018-05-15 22:22:07,441 INFO [Test worker] o.s.w.s.h.SimpleUrlHandlerMapping [AbstractUrlHandlerMapping.java:373] Mapped URL path [/**] onto handler of type [class org.springframework.web.servlet.resource.ResourceHttpRequestHandler]
2018-05-15 22:22:07,519 INFO [Test worker] o.s.b.a.w.s.WelcomePageHandlerMapping [WelcomePageHandlerMapping.java:56] Adding welcome page: class path resource [public/index.html]
2018-05-15 22:22:07,660 INFO [Test worker] c.e.C.Chapter4ApplicationTests [StartupInfoLogger.java:59] Started Chapter4ApplicationTests in 1.983 seconds (JVM running for 3.172)
2018-05-15 22:22:07,847 INFO [Thread-6] o.s.w.c.s.GenericWebApplicationContext [AbstractApplicationContext.java:993] Closing org.springframework.web.context.support.GenericWebApplicationContext@2907dbe3: startup date [Tue May 15 22:22:05 EET 2018]; root of context hierarchy
2018-05-15 22:23:47,136 INFO [Test worker] o.s.b.t.c.SpringBootTestContextBootstrapper [AbstractTestContextBootstrapper.java:308] Neither @ContextConfiguration nor @ContextHierarchy found for test class [com.example.Chapter4.Chapter4ApplicationTests], using SpringBootContextLoader
2018-05-15 22:23:47,136 INFO [Test worker] o.s.t.c.s.AbstractContextLoader [AbstractContextLoader.java:264] Could not detect default resource locations for test class [com.example.Chapter4.Chapter4ApplicationTests]: no resource found for suffixes {-context.xml, Context.groovy}.
2018-05-15 22:23:47,136 INFO [Test worker] o.s.t.c.s.AnnotationConfigContextLoaderUtils [AnnotationConfigContextLoaderUtils.java:83] Could not detect default configuration classes for test class [com.example.Chapter4.Chapter4ApplicationTests]: Chapter4ApplicationTests does not declare any static, non-private, non-final, nested classes annotated with @Configuration.
2018-05-15 22:23:47,248 INFO [Test worker] o.s.b.t.c.SpringBootTestContextBootstrapper [SpringBootTestContextBootstrapper.java:244] Found @SpringBootConfiguration com.example.Chapter4.Chapter4Application for test class com.example.Chapter4.Chapter4ApplicationTests
2018-05-15 22:23:47,363 INFO [Test worker] o.s.b.t.c.SpringBootTestContextBootstrapper [AbstractTestContextBootstrapper.java:248] Loaded default TestExecutionListener class names from location [META-INF/spring.factories]: [org.springframework.boot.test.autoconfigure.restdocs.RestDocsTestExecutionListener, org.springframework.boot.test.autoconfigure.web.client.MockRestServiceServerResetTestExecutionListener, org.springframework.boot.test.autoconfigure.web.servlet.MockMvcPrintOnlyOnFailureTestExecutionListener, org.springframework.boot.test.autoconfigure.web.servlet.WebDriverTestExecutionListener, org.springframework.boot.test.mock.mockito.MockitoTestExecutionListener, org.springframework.boot.test.mock.mockito.ResetMocksTestExecutionListener, org.springframework.test.context.web.ServletTestExecutionListener, org.springframework.test.context.support.DirtiesContextBeforeModesTestExecutionListener, org.springframework.test.context.support.DependencyInjectionTestExecutionListener, org.springframework.test.context.support.DirtiesContextTestExecutionListener, org.springframework.test.context.transaction.TransactionalTestExecutionListener, org.springframework.test.context.jdbc.SqlScriptsTestExecutionListener]
2018-05-15 22:23:47,363 INFO [Test worker] o.s.b.t.c.SpringBootTestContextBootstrapper [AbstractTestContextBootstrapper.java:177] Using TestExecutionListeners: [org.springframework.test.context.web.ServletTestExecutionListener@1faecd38, org.springframework.test.context.support.DirtiesContextBeforeModesTestExecutionListener@636eadd1, org.springframework.boot.test.mock.mockito.MockitoTestExecutionListener@1ad8d2f2, org.springframework.boot.test.autoconfigure.SpringBootDependencyInjectionTestExecutionListener@70498883, org.springframework.test.context.support.DirtiesContextTestExecutionListener@19675cbf, org.springframework.boot.test.autoconfigure.restdocs.RestDocsTestExecutionListener@f717a67, org.springframework.boot.test.autoconfigure.web.client.MockRestServiceServerResetTestExecutionListener@53e27639, org.springframework.boot.test.autoconfigure.web.servlet.MockMvcPrintOnlyOnFailureTestExecutionListener@6f53f156, org.springframework.boot.test.autoconfigure.web.servlet.WebDriverTestExecutionListener@4cf2daa7, org.springframework.boot.test.mock.mockito.ResetMocksTestExecutionListener@48d4331c]
2018-05-15 22:23:47,613 INFO [Test worker] c.e.C.Chapter4ApplicationTests [StartupInfoLogger.java:50] Starting Chapter4ApplicationTests on DESKTOP-IM9MBUJ with PID 9624 (started by okan in E:\development\JavaTutarial\SpringBoot-Ebook\Chapter4)
2018-05-15 22:23:47,613 DEBUG [Test worker] c.e.C.Chapter4ApplicationTests [StartupInfoLogger.java:53] Running with Spring Boot v2.0.2.RELEASE, Spring v5.0.6.RELEASE
2018-05-15 22:23:47,613 INFO [Test worker] c.e.C.Chapter4ApplicationTests [SpringApplication.java:659] No active profile set, falling back to default profiles: default
2018-05-15 22:23:47,676 INFO [Test worker] o.s.w.c.s.GenericWebApplicationContext [AbstractApplicationContext.java:590] Refreshing org.springframework.web.context.support.GenericWebApplicationContext@2907dbe3: startup date [Tue May 15 22:23:47 EET 2018]; root of context hierarchy
2018-05-15 22:23:48,948 INFO [Test worker] o.s.w.s.h.SimpleUrlHandlerMapping [AbstractUrlHandlerMapping.java:373] Mapped URL path [/**/favicon.ico] onto handler of type [class org.springframework.web.servlet.resource.ResourceHttpRequestHandler]
2018-05-15 22:23:49,208 INFO [Test worker] o.s.w.s.m.m.a.RequestMappingHandlerAdapter [RequestMappingHandlerAdapter.java:574] Looking for @ControllerAdvice: org.springframework.web.context.support.GenericWebApplicationContext@2907dbe3: startup date [Tue May 15 22:23:47 EET 2018]; root of context hierarchy
2018-05-15 22:23:49,286 INFO [Test worker] o.s.w.s.m.m.a.RequestMappingHandlerMapping [AbstractHandlerMethodMapping.java:547] Mapped "{[/]}" onto public java.lang.String com.example.Chapter4.HomeController.home(org.springframework.ui.Model)
2018-05-15 22:23:49,286 INFO [Test worker] o.s.w.s.m.m.a.RequestMappingHandlerMapping [AbstractHandlerMethodMapping.java:547] Mapped "{[/error]}" onto public org.springframework.http.ResponseEntity<java.util.Map<java.lang.String, java.lang.Object>> org.springframework.boot.autoconfigure.web.servlet.error.BasicErrorController.error(javax.servlet.http.HttpServletRequest)
2018-05-15 22:23:49,302 INFO [Test worker] o.s.w.s.m.m.a.RequestMappingHandlerMapping [AbstractHandlerMethodMapping.java:547] Mapped "{[/error],produces=[text/html]}" onto public org.springframework.web.servlet.ModelAndView org.springframework.boot.autoconfigure.web.servlet.error.BasicErrorController.errorHtml(javax.servlet.http.HttpServletRequest,javax.servlet.http.HttpServletResponse)
2018-05-15 22:23:49,333 INFO [Test worker] o.s.w.s.h.SimpleUrlHandlerMapping [AbstractUrlHandlerMapping.java:373] Mapped URL path [/webjars/**] onto handler of type [class org.springframework.web.servlet.resource.ResourceHttpRequestHandler]
2018-05-15 22:23:49,333 INFO [Test worker] o.s.w.s.h.SimpleUrlHandlerMapping [AbstractUrlHandlerMapping.java:373] Mapped URL path [/**] onto handler of type [class org.springframework.web.servlet.resource.ResourceHttpRequestHandler]
2018-05-15 22:23:49,411 INFO [Test worker] o.s.b.a.w.s.WelcomePageHandlerMapping [WelcomePageHandlerMapping.java:56] Adding welcome page: class path resource [public/index.html]
2018-05-15 22:23:49,536 INFO [Test worker] c.e.C.Chapter4ApplicationTests [StartupInfoLogger.java:59] Started Chapter4ApplicationTests in 2.126 seconds (JVM running for 3.198)
2018-05-15 22:23:49,739 INFO [Thread-6] o.s.w.c.s.GenericWebApplicationContext [AbstractApplicationContext.java:993] Closing org.springframework.web.context.support.GenericWebApplicationContext@2907dbe3: startup date [Tue May 15 22:23:47 EET 2018]; root of context hierarchy
2018-05-15 22:35:32,118 INFO [restartedMain] c.e.C.Chapter4Application [StartupInfoLogger.java:50] Starting Chapter4Application on DESKTOP-IM9MBUJ with PID 10712 (E:\development\JavaTutarial\SpringBoot-Ebook\Chapter4\build\classes\java\main started by okan in E:\development\JavaTutarial\SpringBoot-Ebook\Chapter4)
2018-05-15 22:35:32,122 DEBUG [restartedMain] c.e.C.Chapter4Application [StartupInfoLogger.java:53] Running with Spring Boot v2.0.2.RELEASE, Spring v5.0.6.RELEASE
2018-05-15 22:35:32,124 INFO [restartedMain] c.e.C.Chapter4Application [SpringApplication.java:659] No active profile set, falling back to default profiles: default
2018-05-15 22:35:32,179 INFO [restartedMain] o.s.b.w.s.c.AnnotationConfigServletWebServerApplicationContext [AbstractApplicationContext.java:590] Refreshing org.springframework.boot.web.servlet.context.AnnotationConfigServletWebServerApplicationContext@2d28034e: startup date [Tue May 15 22:35:32 EET 2018]; root of context hierarchy
2018-05-15 22:35:33,621 INFO [restartedMain] o.s.b.w.e.t.TomcatWebServer [TomcatWebServer.java:91] Tomcat initialized with port(s): 8080 (http)
2018-05-15 22:35:33,637 INFO [restartedMain] o.a.c.h.Http11NioProtocol [DirectJDKLog.java:180] Initializing ProtocolHandler ["http-nio-8080"]
2018-05-15 22:35:33,647 INFO [restartedMain] o.a.c.c.StandardService [DirectJDKLog.java:180] Starting service [Tomcat]
2018-05-15 22:35:33,647 INFO [restartedMain] o.a.c.c.StandardEngine [DirectJDKLog.java:180] Starting Servlet Engine: Apache Tomcat/8.5.31
2018-05-15 22:35:33,657 INFO [localhost-startStop-1] o.a.c.c.AprLifecycleListener [DirectJDKLog.java:180] The APR based Apache Tomcat Native library which allows optimal performance in production environments was not found on the java.library.path: [E:\development\devTools\java\jdk1.8.0_161\bin;C:\WINDOWS\Sun\Java\bin;C:\WINDOWS\system32;C:\WINDOWS;C:\Program Files\Docker\Docker\Resources\bin;E:\app\product\12.1.0\client_1;E:\app\product\12.1.0\client_1\bin;C:\oraclexe\app\oracle\product\11.2.0\server\bin;C:\WINDOWS\system32;C:\WINDOWS;C:\WINDOWS\System32\Wbem;C:\WINDOWS\System32\WindowsPowerShell\v1.0\;C:\Program Files (x86)\Skype\Phone\;C:\Users\okan\.dnx\bin;C:\Program Files\Microsoft DNX\Dnvm\;C:\Program Files\Microsoft SQL Server\120\Tools\Binn\;C:\Program Files\Microsoft SQL Server\130\Tools\Binn\;C:\Program Files\Git\cmd;E:\development\devTools\java\jdk1.8.0_161\bin;E:\development\devTools\gradle-4.5.1\bin;C:\Program Files (x86)\NVIDIA Corporation\PhysX\Common;E:\development\devTools\apache-maven-3.5.3\bin;E:\development\devTools\apache-maven-3.5.3\bin;C:\Users\okan\AppData\Local\Microsoft\WindowsApps;;.]
2018-05-15 22:35:33,764 INFO [localhost-startStop-1] o.a.c.c.C.[.[.[/] [DirectJDKLog.java:180] Initializing Spring embedded WebApplicationContext
2018-05-15 22:35:33,765 INFO [localhost-startStop-1] o.s.w.c.ContextLoader [ServletWebServerApplicationContext.java:285] Root WebApplicationContext: initialization completed in 1589 ms
2018-05-15 22:35:33,892 INFO [localhost-startStop-1] o.s.b.w.s.ServletRegistrationBean [ServletRegistrationBean.java:185] Servlet dispatcherServlet mapped to [/]
2018-05-15 22:35:33,896 INFO [localhost-startStop-1] o.s.b.w.s.FilterRegistrationBean [AbstractFilterRegistrationBean.java:244] Mapping filter: 'characterEncodingFilter' to: [/*]
2018-05-15 22:35:33,897 INFO [localhost-startStop-1] o.s.b.w.s.FilterRegistrationBean [AbstractFilterRegistrationBean.java:244] Mapping filter: 'hiddenHttpMethodFilter' to: [/*]
2018-05-15 22:35:33,897 INFO [localhost-startStop-1] o.s.b.w.s.FilterRegistrationBean [AbstractFilterRegistrationBean.java:244] Mapping filter: 'httpPutFormContentFilter' to: [/*]
2018-05-15 22:35:33,897 INFO [localhost-startStop-1] o.s.b.w.s.FilterRegistrationBean [AbstractFilterRegistrationBean.java:244] Mapping filter: 'requestContextFilter' to: [/*]
2018-05-15 22:35:34,033 INFO [restartedMain] o.s.w.s.h.SimpleUrlHandlerMapping [AbstractUrlHandlerMapping.java:373] Mapped URL path [/**/favicon.ico] onto handler of type [class org.springframework.web.servlet.resource.ResourceHttpRequestHandler]
2018-05-15 22:35:34,237 INFO [restartedMain] o.s.w.s.m.m.a.RequestMappingHandlerAdapter [RequestMappingHandlerAdapter.java:574] Looking for @ControllerAdvice: org.springframework.boot.web.servlet.context.AnnotationConfigServletWebServerApplicationContext@2d28034e: startup date [Tue May 15 22:35:32 EET 2018]; root of context hierarchy
2018-05-15 22:35:34,309 INFO [restartedMain] o.s.w.s.m.m.a.RequestMappingHandlerMapping [AbstractHandlerMethodMapping.java:547] Mapped "{[/]}" onto public java.lang.String com.example.Chapter4.HomeController.home(org.springframework.ui.Model)
2018-05-15 22:35:34,315 INFO [restartedMain] o.s.w.s.m.m.a.RequestMappingHandlerMapping [AbstractHandlerMethodMapping.java:547] Mapped "{[/error]}" onto public org.springframework.http.ResponseEntity<java.util.Map<java.lang.String, java.lang.Object>> org.springframework.boot.autoconfigure.web.servlet.error.BasicErrorController.error(javax.servlet.http.HttpServletRequest)
2018-05-15 22:35:34,317 INFO [restartedMain] o.s.w.s.m.m.a.RequestMappingHandlerMapping [AbstractHandlerMethodMapping.java:547] Mapped "{[/error],produces=[text/html]}" onto public org.springframework.web.servlet.ModelAndView org.springframework.boot.autoconfigure.web.servlet.error.BasicErrorController.errorHtml(javax.servlet.http.HttpServletRequest,javax.servlet.http.HttpServletResponse)
2018-05-15 22:35:34,348 INFO [restartedMain] o.s.w.s.h.SimpleUrlHandlerMapping [AbstractUrlHandlerMapping.java:373] Mapped URL path [/webjars/**] onto handler of type [class org.springframework.web.servlet.resource.ResourceHttpRequestHandler]
2018-05-15 22:35:34,349 INFO [restartedMain] o.s.w.s.h.SimpleUrlHandlerMapping [AbstractUrlHandlerMapping.java:373] Mapped URL path [/**] onto handler of type [class org.springframework.web.servlet.resource.ResourceHttpRequestHandler]
2018-05-15 22:35:34,405 INFO [restartedMain] o.s.b.a.w.s.WelcomePageHandlerMapping [WelcomePageHandlerMapping.java:56] Adding welcome page: class path resource [public/index.html]
2018-05-15 22:35:34,550 INFO [restartedMain] o.s.b.d.a.OptionalLiveReloadServer [OptionalLiveReloadServer.java:57] LiveReload server is running on port 35729
2018-05-15 22:35:34,597 INFO [restartedMain] o.s.j.e.a.AnnotationMBeanExporter [MBeanExporter.java:433] Registering beans for JMX exposure on startup
2018-05-15 22:35:34,616 INFO [restartedMain] o.a.c.h.Http11NioProtocol [DirectJDKLog.java:180] Starting ProtocolHandler ["http-nio-8080"]
2018-05-15 22:35:34,734 INFO [restartedMain] o.a.t.u.n.NioSelectorPool [DirectJDKLog.java:180] Using a shared selector for servlet write/read
2018-05-15 22:35:34,752 INFO [restartedMain] o.s.b.w.e.t.TomcatWebServer [TomcatWebServer.java:206] Tomcat started on port(s): 8080 (http) with context path ''
2018-05-15 22:35:34,757 INFO [restartedMain] c.e.C.Chapter4Application [StartupInfoLogger.java:59] Started Chapter4Application in 2.912 seconds (JVM running for 3.483)
2018-05-15 22:36:30,506 INFO [restartedMain] c.e.C.Chapter4Application [StartupInfoLogger.java:50] Starting Chapter4Application on DESKTOP-IM9MBUJ with PID 8304 (E:\development\JavaTutarial\SpringBoot-Ebook\Chapter4\build\classes\java\main started by okan in E:\development\JavaTutarial\SpringBoot-Ebook\Chapter4)
2018-05-15 22:36:30,512 DEBUG [restartedMain] c.e.C.Chapter4Application [StartupInfoLogger.java:53] Running with Spring Boot v2.0.2.RELEASE, Spring v5.0.6.RELEASE
2018-05-15 22:36:30,514 INFO [restartedMain] c.e.C.Chapter4Application [SpringApplication.java:659] No active profile set, falling back to default profiles: default
2018-05-15 22:36:30,566 INFO [restartedMain] o.s.b.w.s.c.AnnotationConfigServletWebServerApplicationContext [AbstractApplicationContext.java:590] Refreshing org.springframework.boot.web.servlet.context.AnnotationConfigServletWebServerApplicationContext@2afd7eda: startup date [Tue May 15 22:36:30 EET 2018]; root of context hierarchy
2018-05-15 22:36:32,008 INFO [restartedMain] o.s.b.w.e.t.TomcatWebServer [TomcatWebServer.java:91] Tomcat initialized with port(s): 8080 (http)
2018-05-15 22:36:32,023 INFO [restartedMain] o.a.c.h.Http11NioProtocol [DirectJDKLog.java:180] Initializing ProtocolHandler ["http-nio-8080"]
2018-05-15 22:36:32,033 INFO [restartedMain] o.a.c.c.StandardService [DirectJDKLog.java:180] Starting service [Tomcat]
2018-05-15 22:36:32,033 INFO [restartedMain] o.a.c.c.StandardEngine [DirectJDKLog.java:180] Starting Servlet Engine: Apache Tomcat/8.5.31
2018-05-15 22:36:32,043 INFO [localhost-startStop-1] o.a.c.c.AprLifecycleListener [DirectJDKLog.java:180] The APR based Apache Tomcat Native library which allows optimal performance in production environments was not found on the java.library.path: [E:\development\devTools\java\jdk1.8.0_161\bin;C:\WINDOWS\Sun\Java\bin;C:\WINDOWS\system32;C:\WINDOWS;C:\Program Files\Docker\Docker\Resources\bin;E:\app\product\12.1.0\client_1;E:\app\product\12.1.0\client_1\bin;C:\oraclexe\app\oracle\product\11.2.0\server\bin;C:\WINDOWS\system32;C:\WINDOWS;C:\WINDOWS\System32\Wbem;C:\WINDOWS\System32\WindowsPowerShell\v1.0\;C:\Program Files (x86)\Skype\Phone\;C:\Users\okan\.dnx\bin;C:\Program Files\Microsoft DNX\Dnvm\;C:\Program Files\Microsoft SQL Server\120\Tools\Binn\;C:\Program Files\Microsoft SQL Server\130\Tools\Binn\;C:\Program Files\Git\cmd;E:\development\devTools\java\jdk1.8.0_161\bin;E:\development\devTools\gradle-4.5.1\bin;C:\Program Files (x86)\NVIDIA Corporation\PhysX\Common;E:\development\devTools\apache-maven-3.5.3\bin;E:\development\devTools\apache-maven-3.5.3\bin;C:\Users\okan\AppData\Local\Microsoft\WindowsApps;;.]
2018-05-15 22:36:32,121 INFO [localhost-startStop-1] o.a.c.c.C.[.[.[/] [DirectJDKLog.java:180] Initializing Spring embedded WebApplicationContext
2018-05-15 22:36:32,122 INFO [localhost-startStop-1] o.s.w.c.ContextLoader [ServletWebServerApplicationContext.java:285] Root WebApplicationContext: initialization completed in 1558 ms
2018-05-15 22:36:32,256 INFO [localhost-startStop-1] o.s.b.w.s.ServletRegistrationBean [ServletRegistrationBean.java:185] Servlet dispatcherServlet mapped to [/]
2018-05-15 22:36:32,260 INFO [localhost-startStop-1] o.s.b.w.s.FilterRegistrationBean [AbstractFilterRegistrationBean.java:244] Mapping filter: 'characterEncodingFilter' to: [/*]
2018-05-15 22:36:32,261 INFO [localhost-startStop-1] o.s.b.w.s.FilterRegistrationBean [AbstractFilterRegistrationBean.java:244] Mapping filter: 'hiddenHttpMethodFilter' to: [/*]
2018-05-15 22:36:32,261 INFO [localhost-startStop-1] o.s.b.w.s.FilterRegistrationBean [AbstractFilterRegistrationBean.java:244] Mapping filter: 'httpPutFormContentFilter' to: [/*]
2018-05-15 22:36:32,261 INFO [localhost-startStop-1] o.s.b.w.s.FilterRegistrationBean [AbstractFilterRegistrationBean.java:244] Mapping filter: 'requestContextFilter' to: [/*]
2018-05-15 22:36:32,388 INFO [restartedMain] o.s.w.s.h.SimpleUrlHandlerMapping [AbstractUrlHandlerMapping.java:373] Mapped URL path [/**/favicon.ico] onto handler of type [class org.springframework.web.servlet.resource.ResourceHttpRequestHandler]
2018-05-15 22:36:32,602 INFO [restartedMain] o.s.w.s.m.m.a.RequestMappingHandlerAdapter [RequestMappingHandlerAdapter.java:574] Looking for @ControllerAdvice: org.springframework.boot.web.servlet.context.AnnotationConfigServletWebServerApplicationContext@2afd7eda: startup date [Tue May 15 22:36:30 EET 2018]; root of context hierarchy
2018-05-15 22:36:32,673 INFO [restartedMain] o.s.w.s.m.m.a.RequestMappingHandlerMapping [AbstractHandlerMethodMapping.java:547] Mapped "{[/]}" onto public java.lang.String com.example.Chapter4.HomeController.home(org.springframework.ui.Model)
2018-05-15 22:36:32,677 INFO [restartedMain] o.s.w.s.m.m.a.RequestMappingHandlerMapping [AbstractHandlerMethodMapping.java:547] Mapped "{[/error]}" onto public org.springframework.http.ResponseEntity<java.util.Map<java.lang.String, java.lang.Object>> org.springframework.boot.autoconfigure.web.servlet.error.BasicErrorController.error(javax.servlet.http.HttpServletRequest)
2018-05-15 22:36:32,678 INFO [restartedMain] o.s.w.s.m.m.a.RequestMappingHandlerMapping [AbstractHandlerMethodMapping.java:547] Mapped "{[/error],produces=[text/html]}" onto public org.springframework.web.servlet.ModelAndView org.springframework.boot.autoconfigure.web.servlet.error.BasicErrorController.errorHtml(javax.servlet.http.HttpServletRequest,javax.servlet.http.HttpServletResponse)
2018-05-15 22:36:32,713 INFO [restartedMain] o.s.w.s.h.SimpleUrlHandlerMapping [AbstractUrlHandlerMapping.java:373] Mapped URL path [/webjars/**] onto handler of type [class org.springframework.web.servlet.resource.ResourceHttpRequestHandler]
2018-05-15 22:36:32,713 INFO [restartedMain] o.s.w.s.h.SimpleUrlHandlerMapping [AbstractUrlHandlerMapping.java:373] Mapped URL path [/**] onto handler of type [class org.springframework.web.servlet.resource.ResourceHttpRequestHandler]
2018-05-15 22:36:32,765 INFO [restartedMain] o.s.b.a.w.s.WelcomePageHandlerMapping [WelcomePageHandlerMapping.java:56] Adding welcome page: class path resource [public/index.html]
2018-05-15 22:36:32,918 INFO [restartedMain] o.s.b.d.a.OptionalLiveReloadServer [OptionalLiveReloadServer.java:57] LiveReload server is running on port 35729
2018-05-15 22:36:32,960 INFO [restartedMain] o.s.j.e.a.AnnotationMBeanExporter [MBeanExporter.java:433] Registering beans for JMX exposure on startup
2018-05-15 22:36:32,979 INFO [restartedMain] o.a.c.h.Http11NioProtocol [DirectJDKLog.java:180] Starting ProtocolHandler ["http-nio-8080"]
2018-05-15 22:36:32,987 INFO [restartedMain] o.a.t.u.n.NioSelectorPool [DirectJDKLog.java:180] Using a shared selector for servlet write/read
2018-05-15 22:36:33,005 INFO [restartedMain] o.s.b.w.e.t.TomcatWebServer [TomcatWebServer.java:206] Tomcat started on port(s): 8080 (http) with context path ''
2018-05-15 22:36:33,009 INFO [restartedMain] c.e.C.Chapter4Application [StartupInfoLogger.java:59] Started Chapter4Application in 2.797 seconds (JVM running for 3.291)
2018-05-15 22:38:10,313 INFO [restartedMain] c.e.C.Chapter4Application [StartupInfoLogger.java:50] Starting Chapter4Application on DESKTOP-IM9MBUJ with PID 10712 (E:\development\JavaTutarial\SpringBoot-Ebook\Chapter4\build\classes\java\main started by okan in E:\development\JavaTutarial\SpringBoot-Ebook\Chapter4)
2018-05-15 22:38:10,318 DEBUG [restartedMain] c.e.C.Chapter4Application [StartupInfoLogger.java:53] Running with Spring Boot v2.0.2.RELEASE, Spring v5.0.6.RELEASE
2018-05-15 22:38:10,321 INFO [restartedMain] c.e.C.Chapter4Application [SpringApplication.java:659] No active profile set, falling back to default profiles: default
2018-05-15 22:38:10,370 INFO [restartedMain] o.s.b.w.s.c.AnnotationConfigServletWebServerApplicationContext [AbstractApplicationContext.java:590] Refreshing org.springframework.boot.web.servlet.context.AnnotationConfigServletWebServerApplicationContext@7042d650: startup date [Tue May 15 22:38:10 EET 2018]; root of context hierarchy
2018-05-15 22:38:11,815 INFO [restartedMain] o.s.b.w.e.t.TomcatWebServer [TomcatWebServer.java:91] Tomcat initialized with port(s): 8080 (http)
2018-05-15 22:38:11,830 INFO [restartedMain] o.a.c.h.Http11NioProtocol [DirectJDKLog.java:180] Initializing ProtocolHandler ["http-nio-8080"]
2018-05-15 22:38:11,839 INFO [restartedMain] o.a.c.c.StandardService [DirectJDKLog.java:180] Starting service [Tomcat]
2018-05-15 22:38:11,840 INFO [restartedMain] o.a.c.c.StandardEngine [DirectJDKLog.java:180] Starting Servlet Engine: Apache Tomcat/8.5.31
2018-05-15 22:38:11,849 INFO [localhost-startStop-1] o.a.c.c.AprLifecycleListener [DirectJDKLog.java:180] The APR based Apache Tomcat Native library which allows optimal performance in production environments was not found on the java.library.path: [E:\development\devTools\java\jdk1.8.0_161\bin;C:\WINDOWS\Sun\Java\bin;C:\WINDOWS\system32;C:\WINDOWS;C:\Program Files\Docker\Docker\Resources\bin;E:\app\product\12.1.0\client_1;E:\app\product\12.1.0\client_1\bin;C:\oraclexe\app\oracle\product\11.2.0\server\bin;C:\WINDOWS\system32;C:\WINDOWS;C:\WINDOWS\System32\Wbem;C:\WINDOWS\System32\WindowsPowerShell\v1.0\;C:\Program Files (x86)\Skype\Phone\;C:\Users\okan\.dnx\bin;C:\Program Files\Microsoft DNX\Dnvm\;C:\Program Files\Microsoft SQL Server\120\Tools\Binn\;C:\Program Files\Microsoft SQL Server\130\Tools\Binn\;C:\Program Files\Git\cmd;E:\development\devTools\java\jdk1.8.0_161\bin;E:\development\devTools\gradle-4.5.1\bin;C:\Program Files (x86)\NVIDIA Corporation\PhysX\Common;E:\development\devTools\apache-maven-3.5.3\bin;E:\development\devTools\apache-maven-3.5.3\bin;C:\Users\okan\AppData\Local\Microsoft\WindowsApps;;.]
2018-05-15 22:38:11,937 INFO [localhost-startStop-1] o.a.c.c.C.[.[.[/] [DirectJDKLog.java:180] Initializing Spring embedded WebApplicationContext
2018-05-15 22:38:11,937 INFO [localhost-startStop-1] o.s.w.c.ContextLoader [ServletWebServerApplicationContext.java:285] Root WebApplicationContext: initialization completed in 1569 ms
2018-05-15 22:38:12,060 INFO [localhost-startStop-1] o.s.b.w.s.ServletRegistrationBean [ServletRegistrationBean.java:185] Servlet dispatcherServlet mapped to [/]
2018-05-15 22:38:12,065 INFO [localhost-startStop-1] o.s.b.w.s.FilterRegistrationBean [AbstractFilterRegistrationBean.java:244] Mapping filter: 'characterEncodingFilter' to: [/*]
2018-05-15 22:38:12,066 INFO [localhost-startStop-1] o.s.b.w.s.FilterRegistrationBean [AbstractFilterRegistrationBean.java:244] Mapping filter: 'hiddenHttpMethodFilter' to: [/*]
2018-05-15 22:38:12,066 INFO [localhost-startStop-1] o.s.b.w.s.FilterRegistrationBean [AbstractFilterRegistrationBean.java:244] Mapping filter: 'httpPutFormContentFilter' to: [/*]
2018-05-15 22:38:12,066 INFO [localhost-startStop-1] o.s.b.w.s.FilterRegistrationBean [AbstractFilterRegistrationBean.java:244] Mapping filter: 'requestContextFilter' to: [/*]
2018-05-15 22:38:12,186 INFO [restartedMain] o.s.w.s.h.SimpleUrlHandlerMapping [AbstractUrlHandlerMapping.java:373] Mapped URL path [/**/favicon.ico] onto handler of type [class org.springframework.web.servlet.resource.ResourceHttpRequestHandler]
2018-05-15 22:38:12,390 INFO [restartedMain] o.s.w.s.m.m.a.RequestMappingHandlerAdapter [RequestMappingHandlerAdapter.java:574] Looking for @ControllerAdvice: org.springframework.boot.web.servlet.context.AnnotationConfigServletWebServerApplicationContext@7042d650: startup date [Tue May 15 22:38:10 EET 2018]; root of context hierarchy
2018-05-15 22:38:12,463 INFO [restartedMain] o.s.w.s.m.m.a.RequestMappingHandlerMapping [AbstractHandlerMethodMapping.java:547] Mapped "{[/]}" onto public java.lang.String com.example.Chapter4.HomeController.home(org.springframework.ui.Model)
2018-05-15 22:38:12,467 INFO [restartedMain] o.s.w.s.m.m.a.RequestMappingHandlerMapping [AbstractHandlerMethodMapping.java:547] Mapped "{[/error]}" onto public org.springframework.http.ResponseEntity<java.util.Map<java.lang.String, java.lang.Object>> org.springframework.boot.autoconfigure.web.servlet.error.BasicErrorController.error(javax.servlet.http.HttpServletRequest)
2018-05-15 22:38:12,468 INFO [restartedMain] o.s.w.s.m.m.a.RequestMappingHandlerMapping [AbstractHandlerMethodMapping.java:547] Mapped "{[/error],produces=[text/html]}" onto public org.springframework.web.servlet.ModelAndView org.springframework.boot.autoconfigure.web.servlet.error.BasicErrorController.errorHtml(javax.servlet.http.HttpServletRequest,javax.servlet.http.HttpServletResponse)
2018-05-15 22:38:12,507 INFO [restartedMain] o.s.w.s.h.SimpleUrlHandlerMapping [AbstractUrlHandlerMapping.java:373] Mapped URL path [/webjars/**] onto handler of type [class org.springframework.web.servlet.resource.ResourceHttpRequestHandler]
2018-05-15 22:38:12,507 INFO [restartedMain] o.s.w.s.h.SimpleUrlHandlerMapping [AbstractUrlHandlerMapping.java:373] Mapped URL path [/**] onto handler of type [class org.springframework.web.servlet.resource.ResourceHttpRequestHandler]
2018-05-15 22:38:12,558 INFO [restartedMain] o.s.b.a.w.s.WelcomePageHandlerMapping [WelcomePageHandlerMapping.java:56] Adding welcome page: class path resource [public/index.html]
2018-05-15 22:38:12,708 INFO [restartedMain] o.s.b.d.a.OptionalLiveReloadServer [OptionalLiveReloadServer.java:57] LiveReload server is running on port 35729
2018-05-15 22:38:12,740 INFO [restartedMain] o.s.j.e.a.AnnotationMBeanExporter [MBeanExporter.java:433] Registering beans for JMX exposure on startup
2018-05-15 22:38:12,757 INFO [restartedMain] o.a.c.h.Http11NioProtocol [DirectJDKLog.java:180] Starting ProtocolHandler ["http-nio-8080"]
2018-05-15 22:38:12,888 INFO [restartedMain] o.a.t.u.n.NioSelectorPool [DirectJDKLog.java:180] Using a shared selector for servlet write/read
2018-05-15 22:38:12,904 INFO [restartedMain] o.s.b.w.e.t.TomcatWebServer [TomcatWebServer.java:206] Tomcat started on port(s): 8080 (http) with context path ''
2018-05-15 22:38:12,909 INFO [restartedMain] c.e.C.Chapter4Application [StartupInfoLogger.java:59] Started Chapter4Application in 2.875 seconds (JVM running for 3.385)
2018-05-15 22:41:59,044 INFO [restartedMain] c.e.C.Chapter4Application [StartupInfoLogger.java:50] Starting Chapter4Application on DESKTOP-IM9MBUJ with PID 6048 (E:\development\JavaTutarial\SpringBoot-Ebook\Chapter4\build\classes\java\main started by okan in E:\development\JavaTutarial\SpringBoot-Ebook\Chapter4)
2018-05-15 22:41:59,049 DEBUG [restartedMain] c.e.C.Chapter4Application [StartupInfoLogger.java:53] Running with Spring Boot v2.0.2.RELEASE, Spring v5.0.6.RELEASE
2018-05-15 22:41:59,051 INFO [restartedMain] c.e.C.Chapter4Application [SpringApplication.java:659] No active profile set, falling back to default profiles: default
2018-05-15 22:41:59,110 INFO [restartedMain] o.s.b.w.s.c.AnnotationConfigServletWebServerApplicationContext [AbstractApplicationContext.java:590] Refreshing org.springframework.boot.web.servlet.context.AnnotationConfigServletWebServerApplicationContext@345277c5: startup date [Tue May 15 22:41:59 EET 2018]; root of context hierarchy
2018-05-15 22:42:00,729 INFO [restartedMain] o.s.b.w.e.t.TomcatWebServer [TomcatWebServer.java:91] Tomcat initialized with port(s): 8080 (http)
2018-05-15 22:42:00,749 INFO [restartedMain] o.a.c.h.Http11NioProtocol [DirectJDKLog.java:180] Initializing ProtocolHandler ["http-nio-8080"]
2018-05-15 22:42:00,760 INFO [restartedMain] o.a.c.c.StandardService [DirectJDKLog.java:180] Starting service [Tomcat]
2018-05-15 22:42:00,760 INFO [restartedMain] o.a.c.c.StandardEngine [DirectJDKLog.java:180] Starting Servlet Engine: Apache Tomcat/8.5.31
2018-05-15 22:42:00,769 INFO [localhost-startStop-1] o.a.c.c.AprLifecycleListener [DirectJDKLog.java:180] The APR based Apache Tomcat Native library which allows optimal performance in production environments was not found on the java.library.path: [E:\development\devTools\java\jdk1.8.0_161\bin;C:\WINDOWS\Sun\Java\bin;C:\WINDOWS\system32;C:\WINDOWS;C:\Program Files\Docker\Docker\Resources\bin;E:\app\product\12.1.0\client_1;E:\app\product\12.1.0\client_1\bin;C:\oraclexe\app\oracle\product\11.2.0\server\bin;C:\WINDOWS\system32;C:\WINDOWS;C:\WINDOWS\System32\Wbem;C:\WINDOWS\System32\WindowsPowerShell\v1.0\;C:\Program Files (x86)\Skype\Phone\;C:\Users\okan\.dnx\bin;C:\Program Files\Microsoft DNX\Dnvm\;C:\Program Files\Microsoft SQL Server\120\Tools\Binn\;C:\Program Files\Microsoft SQL Server\130\Tools\Binn\;C:\Program Files\Git\cmd;E:\development\devTools\java\jdk1.8.0_161\bin;E:\development\devTools\gradle-4.5.1\bin;C:\Program Files (x86)\NVIDIA Corporation\PhysX\Common;E:\development\devTools\apache-maven-3.5.3\bin;E:\development\devTools\apache-maven-3.5.3\bin;C:\Users\okan\AppData\Local\Microsoft\WindowsApps;;.]
2018-05-15 22:42:00,863 INFO [localhost-startStop-1] o.a.c.c.C.[.[.[/] [DirectJDKLog.java:180] Initializing Spring embedded WebApplicationContext
2018-05-15 22:42:00,864 INFO [localhost-startStop-1] o.s.w.c.ContextLoader [ServletWebServerApplicationContext.java:285] Root WebApplicationContext: initialization completed in 1756 ms
2018-05-15 22:42:00,990 INFO [localhost-startStop-1] o.s.b.w.s.ServletRegistrationBean [ServletRegistrationBean.java:185] Servlet dispatcherServlet mapped to [/]
2018-05-15 22:42:00,993 INFO [localhost-startStop-1] o.s.b.w.s.FilterRegistrationBean [AbstractFilterRegistrationBean.java:244] Mapping filter: 'characterEncodingFilter' to: [/*]
2018-05-15 22:42:00,994 INFO [localhost-startStop-1] o.s.b.w.s.FilterRegistrationBean [AbstractFilterRegistrationBean.java:244] Mapping filter: 'hiddenHttpMethodFilter' to: [/*]
2018-05-15 22:42:00,994 INFO [localhost-startStop-1] o.s.b.w.s.FilterRegistrationBean [AbstractFilterRegistrationBean.java:244] Mapping filter: 'httpPutFormContentFilter' to: [/*]
2018-05-15 22:42:00,994 INFO [localhost-startStop-1] o.s.b.w.s.FilterRegistrationBean [AbstractFilterRegistrationBean.java:244] Mapping filter: 'requestContextFilter' to: [/*]
2018-05-15 22:42:01,128 INFO [restartedMain] o.s.w.s.h.SimpleUrlHandlerMapping [AbstractUrlHandlerMapping.java:373] Mapped URL path [/**/favicon.ico] onto handler of type [class org.springframework.web.servlet.resource.ResourceHttpRequestHandler]
2018-05-15 22:42:01,354 INFO [restartedMain] o.s.w.s.m.m.a.RequestMappingHandlerAdapter [RequestMappingHandlerAdapter.java:574] Looking for @ControllerAdvice: org.springframework.boot.web.servlet.context.AnnotationConfigServletWebServerApplicationContext@345277c5: startup date [Tue May 15 22:41:59 EET 2018]; root of context hierarchy
2018-05-15 22:42:01,431 INFO [restartedMain] o.s.w.s.m.m.a.RequestMappingHandlerMapping [AbstractHandlerMethodMapping.java:547] Mapped "{[/]}" onto public java.lang.String com.example.Chapter4.HomeController.home(org.springframework.ui.Model)
2018-05-15 22:42:01,437 INFO [restartedMain] o.s.w.s.m.m.a.RequestMappingHandlerMapping [AbstractHandlerMethodMapping.java:547] Mapped "{[/error]}" onto public org.springframework.http.ResponseEntity<java.util.Map<java.lang.String, java.lang.Object>> org.springframework.boot.autoconfigure.web.servlet.error.BasicErrorController.error(javax.servlet.http.HttpServletRequest)
2018-05-15 22:42:01,438 INFO [restartedMain] o.s.w.s.m.m.a.RequestMappingHandlerMapping [AbstractHandlerMethodMapping.java:547] Mapped "{[/error],produces=[text/html]}" onto public org.springframework.web.servlet.ModelAndView org.springframework.boot.autoconfigure.web.servlet.error.BasicErrorController.errorHtml(javax.servlet.http.HttpServletRequest,javax.servlet.http.HttpServletResponse)
2018-05-15 22:42:01,470 INFO [restartedMain] o.s.w.s.h.SimpleUrlHandlerMapping [AbstractUrlHandlerMapping.java:373] Mapped URL path [/webjars/**] onto handler of type [class org.springframework.web.servlet.resource.ResourceHttpRequestHandler]
2018-05-15 22:42:01,471 INFO [restartedMain] o.s.w.s.h.SimpleUrlHandlerMapping [AbstractUrlHandlerMapping.java:373] Mapped URL path [/**] onto handler of type [class org.springframework.web.servlet.resource.ResourceHttpRequestHandler]
2018-05-15 22:42:01,540 INFO [restartedMain] o.s.b.a.w.s.WelcomePageHandlerMapping [WelcomePageHandlerMapping.java:56] Adding welcome page: class path resource [public/index.html]
2018-05-15 22:42:01,690 INFO [restartedMain] o.s.b.d.a.OptionalLiveReloadServer [OptionalLiveReloadServer.java:57] LiveReload server is running on port 35729
2018-05-15 22:42:01,731 INFO [restartedMain] o.s.j.e.a.AnnotationMBeanExporter [MBeanExporter.java:433] Registering beans for JMX exposure on startup
2018-05-15 22:42:01,847 INFO [restartedMain] o.a.c.h.Http11NioProtocol [DirectJDKLog.java:180] Starting ProtocolHandler ["http-nio-8080"]
2018-05-15 22:42:01,857 INFO [restartedMain] o.a.t.u.n.NioSelectorPool [DirectJDKLog.java:180] Using a shared selector for servlet write/read
2018-05-15 22:42:01,872 INFO [restartedMain] o.s.b.w.e.t.TomcatWebServer [TomcatWebServer.java:206] Tomcat started on port(s): 8080 (http) with context path ''
2018-05-15 22:42:01,876 INFO [restartedMain] c.e.C.Chapter4Application [StartupInfoLogger.java:59] Started Chapter4Application in 3.112 seconds (JVM running for 3.643)
2018-05-15 22:44:20,104 INFO [Test worker] o.s.b.t.c.SpringBootTestContextBootstrapper [AbstractTestContextBootstrapper.java:308] Neither @ContextConfiguration nor @ContextHierarchy found for test class [com.example.Chapter4.Chapter4ApplicationTests], using SpringBootContextLoader
2018-05-15 22:44:20,112 INFO [Test worker] o.s.t.c.s.AbstractContextLoader [AbstractContextLoader.java:264] Could not detect default resource locations for test class [com.example.Chapter4.Chapter4ApplicationTests]: no resource found for suffixes {-context.xml, Context.groovy}.
2018-05-15 22:44:20,113 INFO [Test worker] o.s.t.c.s.AnnotationConfigContextLoaderUtils [AnnotationConfigContextLoaderUtils.java:83] Could not detect default configuration classes for test class [com.example.Chapter4.Chapter4ApplicationTests]: Chapter4ApplicationTests does not declare any static, non-private, non-final, nested classes annotated with @Configuration.
2018-05-15 22:44:20,220 INFO [Test worker] o.s.b.t.c.SpringBootTestContextBootstrapper [SpringBootTestContextBootstrapper.java:244] Found @SpringBootConfiguration com.example.Chapter4.Chapter4Application for test class com.example.Chapter4.Chapter4ApplicationTests
2018-05-15 22:44:20,329 INFO [Test worker] o.s.b.t.c.SpringBootTestContextBootstrapper [AbstractTestContextBootstrapper.java:248] Loaded default TestExecutionListener class names from location [META-INF/spring.factories]: [org.springframework.boot.test.autoconfigure.restdocs.RestDocsTestExecutionListener, org.springframework.boot.test.autoconfigure.web.client.MockRestServiceServerResetTestExecutionListener, org.springframework.boot.test.autoconfigure.web.servlet.MockMvcPrintOnlyOnFailureTestExecutionListener, org.springframework.boot.test.autoconfigure.web.servlet.WebDriverTestExecutionListener, org.springframework.boot.test.mock.mockito.MockitoTestExecutionListener, org.springframework.boot.test.mock.mockito.ResetMocksTestExecutionListener, org.springframework.test.context.web.ServletTestExecutionListener, org.springframework.test.context.support.DirtiesContextBeforeModesTestExecutionListener, org.springframework.test.context.support.DependencyInjectionTestExecutionListener, org.springframework.test.context.support.DirtiesContextTestExecutionListener, org.springframework.test.context.transaction.TransactionalTestExecutionListener, org.springframework.test.context.jdbc.SqlScriptsTestExecutionListener]
2018-05-15 22:44:20,343 INFO [Test worker] o.s.b.t.c.SpringBootTestContextBootstrapper [AbstractTestContextBootstrapper.java:177] Using TestExecutionListeners: [org.springframework.test.context.web.ServletTestExecutionListener@48d4331c, org.springframework.test.context.support.DirtiesContextBeforeModesTestExecutionListener@847c781, org.springframework.boot.test.mock.mockito.MockitoTestExecutionListener@786e5e9e, org.springframework.boot.test.autoconfigure.SpringBootDependencyInjectionTestExecutionListener@229384d6, org.springframework.test.context.support.DirtiesContextTestExecutionListener@4bb61f4b, org.springframework.boot.test.autoconfigure.restdocs.RestDocsTestExecutionListener@7dfba273, org.springframework.boot.test.autoconfigure.web.client.MockRestServiceServerResetTestExecutionListener@77eb99fc, org.springframework.boot.test.autoconfigure.web.servlet.MockMvcPrintOnlyOnFailureTestExecutionListener@49e006e3, org.springframework.boot.test.autoconfigure.web.servlet.WebDriverTestExecutionListener@325704d3, org.springframework.boot.test.mock.mockito.ResetMocksTestExecutionListener@121fc0d0]
2018-05-15 22:44:20,621 INFO [Test worker] c.e.C.Chapter4ApplicationTests [StartupInfoLogger.java:50] Starting Chapter4ApplicationTests on DESKTOP-IM9MBUJ with PID 8136 (started by okan in E:\development\JavaTutarial\SpringBoot-Ebook\Chapter4)
2018-05-15 22:44:20,623 DEBUG [Test worker] c.e.C.Chapter4ApplicationTests [StartupInfoLogger.java:53] Running with Spring Boot v2.0.2.RELEASE, Spring v5.0.6.RELEASE
2018-05-15 22:44:20,625 INFO [Test worker] c.e.C.Chapter4ApplicationTests [SpringApplication.java:663] The following profiles are active: test
2018-05-15 22:44:20,693 INFO [Test worker] o.s.w.c.s.GenericWebApplicationContext [AbstractApplicationContext.java:590] Refreshing org.springframework.web.context.support.GenericWebApplicationContext@28c19799: startup date [Tue May 15 22:44:20 EET 2018]; root of context hierarchy
2018-05-15 22:44:21,923 INFO [Test worker] o.s.w.s.h.SimpleUrlHandlerMapping [AbstractUrlHandlerMapping.java:373] Mapped URL path [/**/favicon.ico] onto handler of type [class org.springframework.web.servlet.resource.ResourceHttpRequestHandler]
2018-05-15 22:44:22,120 INFO [Test worker] o.s.w.s.m.m.a.RequestMappingHandlerAdapter [RequestMappingHandlerAdapter.java:574] Looking for @ControllerAdvice: org.springframework.web.context.support.GenericWebApplicationContext@28c19799: startup date [Tue May 15 22:44:20 EET 2018]; root of context hierarchy
2018-05-15 22:44:22,200 INFO [Test worker] o.s.w.s.m.m.a.RequestMappingHandlerMapping [AbstractHandlerMethodMapping.java:547] Mapped "{[/]}" onto public java.lang.String com.example.Chapter4.HomeController.home(org.springframework.ui.Model)
2018-05-15 22:44:22,203 INFO [Test worker] o.s.w.s.m.m.a.RequestMappingHandlerMapping [AbstractHandlerMethodMapping.java:547] Mapped "{[/error]}" onto public org.springframework.http.ResponseEntity<java.util.Map<java.lang.String, java.lang.Object>> org.springframework.boot.autoconfigure.web.servlet.error.BasicErrorController.error(javax.servlet.http.HttpServletRequest)
2018-05-15 22:44:22,205 INFO [Test worker] o.s.w.s.m.m.a.RequestMappingHandlerMapping [AbstractHandlerMethodMapping.java:547] Mapped "{[/error],produces=[text/html]}" onto public org.springframework.web.servlet.ModelAndView org.springframework.boot.autoconfigure.web.servlet.error.BasicErrorController.errorHtml(javax.servlet.http.HttpServletRequest,javax.servlet.http.HttpServletResponse)
2018-05-15 22:44:22,236 INFO [Test worker] o.s.w.s.h.SimpleUrlHandlerMapping [AbstractUrlHandlerMapping.java:373] Mapped URL path [/webjars/**] onto handler of type [class org.springframework.web.servlet.resource.ResourceHttpRequestHandler]
2018-05-15 22:44:22,236 INFO [Test worker] o.s.w.s.h.SimpleUrlHandlerMapping [AbstractUrlHandlerMapping.java:373] Mapped URL path [/**] onto handler of type [class org.springframework.web.servlet.resource.ResourceHttpRequestHandler]
2018-05-15 22:44:22,305 INFO [Test worker] o.s.b.a.w.s.WelcomePageHandlerMapping [WelcomePageHandlerMapping.java:56] Adding welcome page: class path resource [public/index.html]
2018-05-15 22:44:22,448 INFO [Test worker] c.e.C.Chapter4ApplicationTests [StartupInfoLogger.java:59] Started Chapter4ApplicationTests in 2.041 seconds (JVM running for 3.171)
2018-05-15 22:44:22,632 INFO [Thread-6] o.s.w.c.s.GenericWebApplicationContext [AbstractApplicationContext.java:993] Closing org.springframework.web.context.support.GenericWebApplicationContext@28c19799: startup date [Tue May 15 22:44:20 EET 2018]; root of context hierarchy
2018-05-15 22:47:38,446 INFO [restartedMain] c.e.C.Chapter4Application [StartupInfoLogger.java:50] Starting Chapter4Application on DESKTOP-IM9MBUJ with PID 2636 (E:\development\JavaTutarial\SpringBoot-Ebook\Chapter4\build\classes\java\main started by okan in E:\development\JavaTutarial\SpringBoot-Ebook\Chapter4)
2018-05-15 22:47:38,451 DEBUG [restartedMain] c.e.C.Chapter4Application [StartupInfoLogger.java:53] Running with Spring Boot v2.0.2.RELEASE, Spring v5.0.6.RELEASE
2018-05-15 22:47:38,453 INFO [restartedMain] c.e.C.Chapter4Application [SpringApplication.java:659] No active profile set, falling back to default profiles: default
2018-05-15 22:47:38,510 INFO [restartedMain] o.s.b.w.s.c.AnnotationConfigServletWebServerApplicationContext [AbstractApplicationContext.java:590] Refreshing org.springframework.boot.web.servlet.context.AnnotationConfigServletWebServerApplicationContext@12f38075: startup date [Tue May 15 22:47:38 EET 2018]; root of context hierarchy
2018-05-15 22:47:40,005 INFO [restartedMain] o.s.b.w.e.t.TomcatWebServer [TomcatWebServer.java:91] Tomcat initialized with port(s): 8080 (http)
2018-05-15 22:47:40,020 INFO [restartedMain] o.a.c.h.Http11NioProtocol [DirectJDKLog.java:180] Initializing ProtocolHandler ["http-nio-8080"]
2018-05-15 22:47:40,030 INFO [restartedMain] o.a.c.c.StandardService [DirectJDKLog.java:180] Starting service [Tomcat]
2018-05-15 22:47:40,030 INFO [restartedMain] o.a.c.c.StandardEngine [DirectJDKLog.java:180] Starting Servlet Engine: Apache Tomcat/8.5.31
2018-05-15 22:47:40,041 INFO [localhost-startStop-1] o.a.c.c.AprLifecycleListener [DirectJDKLog.java:180] The APR based Apache Tomcat Native library which allows optimal performance in production environments was not found on the java.library.path: [E:\development\devTools\java\jdk1.8.0_161\bin;C:\WINDOWS\Sun\Java\bin;C:\WINDOWS\system32;C:\WINDOWS;C:\Program Files\Docker\Docker\Resources\bin;E:\app\product\12.1.0\client_1;E:\app\product\12.1.0\client_1\bin;C:\oraclexe\app\oracle\product\11.2.0\server\bin;C:\WINDOWS\system32;C:\WINDOWS;C:\WINDOWS\System32\Wbem;C:\WINDOWS\System32\WindowsPowerShell\v1.0\;C:\Program Files (x86)\Skype\Phone\;C:\Users\okan\.dnx\bin;C:\Program Files\Microsoft DNX\Dnvm\;C:\Program Files\Microsoft SQL Server\120\Tools\Binn\;C:\Program Files\Microsoft SQL Server\130\Tools\Binn\;C:\Program Files\Git\cmd;E:\development\devTools\java\jdk1.8.0_161\bin;E:\development\devTools\gradle-4.5.1\bin;C:\Program Files (x86)\NVIDIA Corporation\PhysX\Common;E:\development\devTools\apache-maven-3.5.3\bin;E:\development\devTools\apache-maven-3.5.3\bin;C:\Users\okan\AppData\Local\Microsoft\WindowsApps;;.]
2018-05-15 22:47:40,140 INFO [localhost-startStop-1] o.a.c.c.C.[.[.[/] [DirectJDKLog.java:180] Initializing Spring embedded WebApplicationContext
2018-05-15 22:47:40,141 INFO [localhost-startStop-1] o.s.w.c.ContextLoader [ServletWebServerApplicationContext.java:285] Root WebApplicationContext: initialization completed in 1634 ms
2018-05-15 22:47:40,275 INFO [localhost-startStop-1] o.s.b.w.s.ServletRegistrationBean [ServletRegistrationBean.java:185] Servlet dispatcherServlet mapped to [/]
2018-05-15 22:47:40,280 INFO [localhost-startStop-1] o.s.b.w.s.FilterRegistrationBean [AbstractFilterRegistrationBean.java:244] Mapping filter: 'characterEncodingFilter' to: [/*]
2018-05-15 22:47:40,281 INFO [localhost-startStop-1] o.s.b.w.s.FilterRegistrationBean [AbstractFilterRegistrationBean.java:244] Mapping filter: 'hiddenHttpMethodFilter' to: [/*]
2018-05-15 22:47:40,281 INFO [localhost-startStop-1] o.s.b.w.s.FilterRegistrationBean [AbstractFilterRegistrationBean.java:244] Mapping filter: 'httpPutFormContentFilter' to: [/*]
2018-05-15 22:47:40,282 INFO [localhost-startStop-1] o.s.b.w.s.FilterRegistrationBean [AbstractFilterRegistrationBean.java:244] Mapping filter: 'requestContextFilter' to: [/*]
2018-05-15 22:47:40,410 INFO [restartedMain] o.s.w.s.h.SimpleUrlHandlerMapping [AbstractUrlHandlerMapping.java:373] Mapped URL path [/**/favicon.ico] onto handler of type [class org.springframework.web.servlet.resource.ResourceHttpRequestHandler]
2018-05-15 22:47:40,627 INFO [restartedMain] o.s.w.s.m.m.a.RequestMappingHandlerAdapter [RequestMappingHandlerAdapter.java:574] Looking for @ControllerAdvice: org.springframework.boot.web.servlet.context.AnnotationConfigServletWebServerApplicationContext@12f38075: startup date [Tue May 15 22:47:38 EET 2018]; root of context hierarchy
2018-05-15 22:47:40,706 INFO [restartedMain] o.s.w.s.m.m.a.RequestMappingHandlerMapping [AbstractHandlerMethodMapping.java:547] Mapped "{[/]}" onto public java.lang.String com.example.Chapter4.HomeController.home(org.springframework.ui.Model)
2018-05-15 22:47:40,712 INFO [restartedMain] o.s.w.s.m.m.a.RequestMappingHandlerMapping [AbstractHandlerMethodMapping.java:547] Mapped "{[/error]}" onto public org.springframework.http.ResponseEntity<java.util.Map<java.lang.String, java.lang.Object>> org.springframework.boot.autoconfigure.web.servlet.error.BasicErrorController.error(javax.servlet.http.HttpServletRequest)
2018-05-15 22:47:40,713 INFO [restartedMain] o.s.w.s.m.m.a.RequestMappingHandlerMapping [AbstractHandlerMethodMapping.java:547] Mapped "{[/error],produces=[text/html]}" onto public org.springframework.web.servlet.ModelAndView org.springframework.boot.autoconfigure.web.servlet.error.BasicErrorController.errorHtml(javax.servlet.http.HttpServletRequest,javax.servlet.http.HttpServletResponse)
2018-05-15 22:47:40,739 INFO [restartedMain] o.s.w.s.h.SimpleUrlHandlerMapping [AbstractUrlHandlerMapping.java:373] Mapped URL path [/webjars/**] onto handler of type [class org.springframework.web.servlet.resource.ResourceHttpRequestHandler]
2018-05-15 22:47:40,739 INFO [restartedMain] o.s.w.s.h.SimpleUrlHandlerMapping [AbstractUrlHandlerMapping.java:373] Mapped URL path [/**] onto handler of type [class org.springframework.web.servlet.resource.ResourceHttpRequestHandler]
2018-05-15 22:47:40,801 INFO [restartedMain] o.s.b.a.w.s.WelcomePageHandlerMapping [WelcomePageHandlerMapping.java:56] Adding welcome page: class path resource [public/index.html]
2018-05-15 22:47:40,956 INFO [restartedMain] o.s.b.d.a.OptionalLiveReloadServer [OptionalLiveReloadServer.java:57] LiveReload server is running on port 35729
2018-05-15 22:47:41,005 INFO [restartedMain] o.s.j.e.a.AnnotationMBeanExporter [MBeanExporter.java:433] Registering beans for JMX exposure on startup
2018-05-15 22:47:41,021 INFO [restartedMain] o.a.c.h.Http11NioProtocol [DirectJDKLog.java:180] Starting ProtocolHandler ["http-nio-8080"]
2018-05-15 22:47:41,140 INFO [restartedMain] o.a.t.u.n.NioSelectorPool [DirectJDKLog.java:180] Using a shared selector for servlet write/read
2018-05-15 22:47:41,157 INFO [restartedMain] o.s.b.w.e.t.TomcatWebServer [TomcatWebServer.java:206] Tomcat started on port(s): 8080 (http) with context path ''
2018-05-15 22:47:41,162 INFO [restartedMain] c.e.C.Chapter4Application [StartupInfoLogger.java:59] Started Chapter4Application in 3.011 seconds (JVM running for 3.535)
2018-05-15 22:48:30,380 INFO [restartedMain] c.e.C.Chapter4Application [StartupInfoLogger.java:50] Starting Chapter4Application on DESKTOP-IM9MBUJ with PID 10516 (E:\development\JavaTutarial\SpringBoot-Ebook\Chapter4\build\classes\java\main started by okan in E:\development\JavaTutarial\SpringBoot-Ebook\Chapter4)
2018-05-15 22:48:30,385 DEBUG [restartedMain] c.e.C.Chapter4Application [StartupInfoLogger.java:53] Running with Spring Boot v2.0.2.RELEASE, Spring v5.0.6.RELEASE
2018-05-15 22:48:30,387 INFO [restartedMain] c.e.C.Chapter4Application [SpringApplication.java:659] No active profile set, falling back to default profiles: default
2018-05-15 22:48:30,439 INFO [restartedMain] o.s.b.w.s.c.AnnotationConfigServletWebServerApplicationContext [AbstractApplicationContext.java:590] Refreshing org.springframework.boot.web.servlet.context.AnnotationConfigServletWebServerApplicationContext@2d28034e: startup date [Tue May 15 22:48:30 EET 2018]; root of context hierarchy
2018-05-15 22:48:31,917 INFO [restartedMain] o.s.b.w.e.t.TomcatWebServer [TomcatWebServer.java:91] Tomcat initialized with port(s): 8080 (http)
2018-05-15 22:48:31,931 INFO [restartedMain] o.a.c.h.Http11NioProtocol [DirectJDKLog.java:180] Initializing ProtocolHandler ["http-nio-8080"]
2018-05-15 22:48:31,941 INFO [restartedMain] o.a.c.c.StandardService [DirectJDKLog.java:180] Starting service [Tomcat]
2018-05-15 22:48:31,941 INFO [restartedMain] o.a.c.c.StandardEngine [DirectJDKLog.java:180] Starting Servlet Engine: Apache Tomcat/8.5.31
2018-05-15 22:48:31,951 INFO [localhost-startStop-1] o.a.c.c.AprLifecycleListener [DirectJDKLog.java:180] The APR based Apache Tomcat Native library which allows optimal performance in production environments was not found on the java.library.path: [E:\development\devTools\java\jdk1.8.0_161\bin;C:\WINDOWS\Sun\Java\bin;C:\WINDOWS\system32;C:\WINDOWS;C:\Program Files\Docker\Docker\Resources\bin;E:\app\product\12.1.0\client_1;E:\app\product\12.1.0\client_1\bin;C:\oraclexe\app\oracle\product\11.2.0\server\bin;C:\WINDOWS\system32;C:\WINDOWS;C:\WINDOWS\System32\Wbem;C:\WINDOWS\System32\WindowsPowerShell\v1.0\;C:\Program Files (x86)\Skype\Phone\;C:\Users\okan\.dnx\bin;C:\Program Files\Microsoft DNX\Dnvm\;C:\Program Files\Microsoft SQL Server\120\Tools\Binn\;C:\Program Files\Microsoft SQL Server\130\Tools\Binn\;C:\Program Files\Git\cmd;E:\development\devTools\java\jdk1.8.0_161\bin;E:\development\devTools\gradle-4.5.1\bin;C:\Program Files (x86)\NVIDIA Corporation\PhysX\Common;E:\development\devTools\apache-maven-3.5.3\bin;E:\development\devTools\apache-maven-3.5.3\bin;C:\Users\okan\AppData\Local\Microsoft\WindowsApps;;.]
2018-05-15 22:48:32,039 INFO [localhost-startStop-1] o.a.c.c.C.[.[.[/] [DirectJDKLog.java:180] Initializing Spring embedded WebApplicationContext
2018-05-15 22:48:32,039 INFO [localhost-startStop-1] o.s.w.c.ContextLoader [ServletWebServerApplicationContext.java:285] Root WebApplicationContext: initialization completed in 1603 ms
2018-05-15 22:48:32,164 INFO [localhost-startStop-1] o.s.b.w.s.ServletRegistrationBean [ServletRegistrationBean.java:185] Servlet dispatcherServlet mapped to [/]
2018-05-15 22:48:32,167 INFO [localhost-startStop-1] o.s.b.w.s.FilterRegistrationBean [AbstractFilterRegistrationBean.java:244] Mapping filter: 'characterEncodingFilter' to: [/*]
2018-05-15 22:48:32,168 INFO [localhost-startStop-1] o.s.b.w.s.FilterRegistrationBean [AbstractFilterRegistrationBean.java:244] Mapping filter: 'hiddenHttpMethodFilter' to: [/*]
2018-05-15 22:48:32,168 INFO [localhost-startStop-1] o.s.b.w.s.FilterRegistrationBean [AbstractFilterRegistrationBean.java:244] Mapping filter: 'httpPutFormContentFilter' to: [/*]
2018-05-15 22:48:32,168 INFO [localhost-startStop-1] o.s.b.w.s.FilterRegistrationBean [AbstractFilterRegistrationBean.java:244] Mapping filter: 'requestContextFilter' to: [/*]
2018-05-15 22:48:32,296 INFO [restartedMain] o.s.w.s.h.SimpleUrlHandlerMapping [AbstractUrlHandlerMapping.java:373] Mapped URL path [/**/favicon.ico] onto handler of type [class org.springframework.web.servlet.resource.ResourceHttpRequestHandler]
2018-05-15 22:48:32,501 INFO [restartedMain] o.s.w.s.m.m.a.RequestMappingHandlerAdapter [RequestMappingHandlerAdapter.java:574] Looking for @ControllerAdvice: org.springframework.boot.web.servlet.context.AnnotationConfigServletWebServerApplicationContext@2d28034e: startup date [Tue May 15 22:48:30 EET 2018]; root of context hierarchy
2018-05-15 22:48:32,572 INFO [restartedMain] o.s.w.s.m.m.a.RequestMappingHandlerMapping [AbstractHandlerMethodMapping.java:547] Mapped "{[/]}" onto public java.lang.String com.example.Chapter4.HomeController.home(org.springframework.ui.Model)
2018-05-15 22:48:32,575 INFO [restartedMain] o.s.w.s.m.m.a.RequestMappingHandlerMapping [AbstractHandlerMethodMapping.java:547] Mapped "{[/error]}" onto public org.springframework.http.ResponseEntity<java.util.Map<java.lang.String, java.lang.Object>> org.springframework.boot.autoconfigure.web.servlet.error.BasicErrorController.error(javax.servlet.http.HttpServletRequest)
2018-05-15 22:48:32,577 INFO [restartedMain] o.s.w.s.m.m.a.RequestMappingHandlerMapping [AbstractHandlerMethodMapping.java:547] Mapped "{[/error],produces=[text/html]}" onto public org.springframework.web.servlet.ModelAndView org.springframework.boot.autoconfigure.web.servlet.error.BasicErrorController.errorHtml(javax.servlet.http.HttpServletRequest,javax.servlet.http.HttpServletResponse)
2018-05-15 22:48:32,610 INFO [restartedMain] o.s.w.s.h.SimpleUrlHandlerMapping [AbstractUrlHandlerMapping.java:373] Mapped URL path [/webjars/**] onto handler of type [class org.springframework.web.servlet.resource.ResourceHttpRequestHandler]
2018-05-15 22:48:32,611 INFO [restartedMain] o.s.w.s.h.SimpleUrlHandlerMapping [AbstractUrlHandlerMapping.java:373] Mapped URL path [/**] onto handler of type [class org.springframework.web.servlet.resource.ResourceHttpRequestHandler]
2018-05-15 22:48:32,677 INFO [restartedMain] o.s.b.a.w.s.WelcomePageHandlerMapping [WelcomePageHandlerMapping.java:56] Adding welcome page: class path resource [public/index.html]
2018-05-15 22:48:32,851 INFO [restartedMain] o.s.b.d.a.OptionalLiveReloadServer [OptionalLiveReloadServer.java:57] LiveReload server is running on port 35729
2018-05-15 22:48:32,884 INFO [restartedMain] o.s.j.e.a.AnnotationMBeanExporter [MBeanExporter.java:433] Registering beans for JMX exposure on startup
2018-05-15 22:48:32,995 INFO [restartedMain] o.a.c.h.Http11NioProtocol [DirectJDKLog.java:180] Starting ProtocolHandler ["http-nio-8080"]
2018-05-15 22:48:33,010 INFO [restartedMain] o.a.t.u.n.NioSelectorPool [DirectJDKLog.java:180] Using a shared selector for servlet write/read
2018-05-15 22:48:33,028 INFO [restartedMain] o.s.b.w.e.t.TomcatWebServer [TomcatWebServer.java:206] Tomcat started on port(s): 8080 (http) with context path ''
2018-05-15 22:48:33,032 INFO [restartedMain] c.e.C.Chapter4Application [StartupInfoLogger.java:59] Started Chapter4Application in 2.939 seconds (JVM running for 3.455)
2018-05-15 23:02:12,076 INFO [restartedMain] c.e.C.Chapter4Application [StartupInfoLogger.java:50] Starting Chapter4Application on DESKTOP-IM9MBUJ with PID 4232 (E:\development\JavaTutarial\SpringBoot-Ebook\Chapter4\build\classes\java\main started by okan in E:\development\JavaTutarial\SpringBoot-Ebook\Chapter4)
2018-05-15 23:02:12,081 DEBUG [restartedMain] c.e.C.Chapter4Application [StartupInfoLogger.java:53] Running with Spring Boot v2.0.2.RELEASE, Spring v5.0.6.RELEASE
2018-05-15 23:02:12,083 INFO [restartedMain] c.e.C.Chapter4Application [SpringApplication.java:659] No active profile set, falling back to default profiles: default
2018-05-15 23:02:12,133 INFO [restartedMain] o.s.b.w.s.c.AnnotationConfigServletWebServerApplicationContext [AbstractApplicationContext.java:590] Refreshing org.springframework.boot.web.servlet.context.AnnotationConfigServletWebServerApplicationContext@b256968: startup date [Tue May 15 23:02:12 EET 2018]; root of context hierarchy
2018-05-15 23:02:13,571 INFO [restartedMain] o.s.b.w.e.t.TomcatWebServer [TomcatWebServer.java:91] Tomcat initialized with port(s): 8080 (http)
2018-05-15 23:02:13,586 INFO [restartedMain] o.a.c.h.Http11NioProtocol [DirectJDKLog.java:180] Initializing ProtocolHandler ["http-nio-8080"]
2018-05-15 23:02:13,595 INFO [restartedMain] o.a.c.c.StandardService [DirectJDKLog.java:180] Starting service [Tomcat]
2018-05-15 23:02:13,596 INFO [restartedMain] o.a.c.c.StandardEngine [DirectJDKLog.java:180] Starting Servlet Engine: Apache Tomcat/8.5.31
2018-05-15 23:02:13,606 INFO [localhost-startStop-1] o.a.c.c.AprLifecycleListener [DirectJDKLog.java:180] The APR based Apache Tomcat Native library which allows optimal performance in production environments was not found on the java.library.path: [E:\development\devTools\java\jdk1.8.0_161\bin;C:\WINDOWS\Sun\Java\bin;C:\WINDOWS\system32;C:\WINDOWS;C:\Program Files\Docker\Docker\Resources\bin;E:\app\product\12.1.0\client_1;E:\app\product\12.1.0\client_1\bin;C:\oraclexe\app\oracle\product\11.2.0\server\bin;C:\WINDOWS\system32;C:\WINDOWS;C:\WINDOWS\System32\Wbem;C:\WINDOWS\System32\WindowsPowerShell\v1.0\;C:\Program Files (x86)\Skype\Phone\;C:\Users\okan\.dnx\bin;C:\Program Files\Microsoft DNX\Dnvm\;C:\Program Files\Microsoft SQL Server\120\Tools\Binn\;C:\Program Files\Microsoft SQL Server\130\Tools\Binn\;C:\Program Files\Git\cmd;E:\development\devTools\java\jdk1.8.0_161\bin;E:\development\devTools\gradle-4.5.1\bin;C:\Program Files (x86)\NVIDIA Corporation\PhysX\Common;E:\development\devTools\apache-maven-3.5.3\bin;E:\development\devTools\apache-maven-3.5.3\bin;C:\Users\okan\AppData\Local\Microsoft\WindowsApps;;.]
2018-05-15 23:02:13,693 INFO [localhost-startStop-1] o.a.c.c.C.[.[.[/] [DirectJDKLog.java:180] Initializing Spring embedded WebApplicationContext
2018-05-15 23:02:13,693 INFO [localhost-startStop-1] o.s.w.c.ContextLoader [ServletWebServerApplicationContext.java:285] Root WebApplicationContext: initialization completed in 1562 ms
2018-05-15 23:02:13,820 INFO [localhost-startStop-1] o.s.b.w.s.ServletRegistrationBean [ServletRegistrationBean.java:185] Servlet dispatcherServlet mapped to [/]
2018-05-15 23:02:13,824 INFO [localhost-startStop-1] o.s.b.w.s.FilterRegistrationBean [AbstractFilterRegistrationBean.java:244] Mapping filter: 'characterEncodingFilter' to: [/*]
2018-05-15 23:02:13,824 INFO [localhost-startStop-1] o.s.b.w.s.FilterRegistrationBean [AbstractFilterRegistrationBean.java:244] Mapping filter: 'hiddenHttpMethodFilter' to: [/*]
2018-05-15 23:02:13,824 INFO [localhost-startStop-1] o.s.b.w.s.FilterRegistrationBean [AbstractFilterRegistrationBean.java:244] Mapping filter: 'httpPutFormContentFilter' to: [/*]
2018-05-15 23:02:13,825 INFO [localhost-startStop-1] o.s.b.w.s.FilterRegistrationBean [AbstractFilterRegistrationBean.java:244] Mapping filter: 'requestContextFilter' to: [/*]
2018-05-15 23:02:13,943 INFO [restartedMain] o.s.w.s.h.SimpleUrlHandlerMapping [AbstractUrlHandlerMapping.java:373] Mapped URL path [/**/favicon.ico] onto handler of type [class org.springframework.web.servlet.resource.ResourceHttpRequestHandler]
2018-05-15 23:02:14,162 INFO [restartedMain] o.s.w.s.m.m.a.RequestMappingHandlerAdapter [RequestMappingHandlerAdapter.java:574] Looking for @ControllerAdvice: org.springframework.boot.web.servlet.context.AnnotationConfigServletWebServerApplicationContext@b256968: startup date [Tue May 15 23:02:12 EET 2018]; root of context hierarchy
2018-05-15 23:02:14,241 INFO [restartedMain] o.s.w.s.m.m.a.RequestMappingHandlerMapping [AbstractHandlerMethodMapping.java:547] Mapped "{[/]}" onto public java.lang.String com.example.Chapter4.HomeController.home(org.springframework.ui.Model)
2018-05-15 23:02:14,247 INFO [restartedMain] o.s.w.s.m.m.a.RequestMappingHandlerMapping [AbstractHandlerMethodMapping.java:547] Mapped "{[/error]}" onto public org.springframework.http.ResponseEntity<java.util.Map<java.lang.String, java.lang.Object>> org.springframework.boot.autoconfigure.web.servlet.error.BasicErrorController.error(javax.servlet.http.HttpServletRequest)
2018-05-15 23:02:14,248 INFO [restartedMain] o.s.w.s.m.m.a.RequestMappingHandlerMapping [AbstractHandlerMethodMapping.java:547] Mapped "{[/error],produces=[text/html]}" onto public org.springframework.web.servlet.ModelAndView org.springframework.boot.autoconfigure.web.servlet.error.BasicErrorController.errorHtml(javax.servlet.http.HttpServletRequest,javax.servlet.http.HttpServletResponse)
2018-05-15 23:02:14,283 INFO [restartedMain] o.s.w.s.h.SimpleUrlHandlerMapping [AbstractUrlHandlerMapping.java:373] Mapped URL path [/webjars/**] onto handler of type [class org.springframework.web.servlet.resource.ResourceHttpRequestHandler]
2018-05-15 23:02:14,283 INFO [restartedMain] o.s.w.s.h.SimpleUrlHandlerMapping [AbstractUrlHandlerMapping.java:373] Mapped URL path [/**] onto handler of type [class org.springframework.web.servlet.resource.ResourceHttpRequestHandler]
2018-05-15 23:02:14,339 INFO [restartedMain] o.s.b.a.w.s.WelcomePageHandlerMapping [WelcomePageHandlerMapping.java:56] Adding welcome page: class path resource [public/index.html]
2018-05-15 23:02:14,502 INFO [restartedMain] o.s.b.d.a.OptionalLiveReloadServer [OptionalLiveReloadServer.java:57] LiveReload server is running on port 35729
2018-05-15 23:02:14,536 INFO [restartedMain] o.s.j.e.a.AnnotationMBeanExporter [MBeanExporter.java:433] Registering beans for JMX exposure on startup
2018-05-15 23:02:14,646 INFO [restartedMain] o.a.c.h.Http11NioProtocol [DirectJDKLog.java:180] Starting ProtocolHandler ["http-nio-8080"]
2018-05-15 23:02:14,656 INFO [restartedMain] o.a.t.u.n.NioSelectorPool [DirectJDKLog.java:180] Using a shared selector for servlet write/read
2018-05-15 23:02:14,670 INFO [restartedMain] o.s.b.w.e.t.TomcatWebServer [TomcatWebServer.java:206] Tomcat started on port(s): 8080 (http) with context path ''
2018-05-15 23:02:14,674 INFO [restartedMain] c.e.C.Chapter4Application [StartupInfoLogger.java:59] Started Chapter4Application in 2.877 seconds (JVM running for 3.378)
2018-05-15 23:03:22,873 INFO [restartedMain] c.e.C.Chapter4Application [StartupInfoLogger.java:50] Starting Chapter4Application on DESKTOP-IM9MBUJ with PID 3696 (E:\development\JavaTutarial\SpringBoot-Ebook\Chapter4\build\classes\java\main started by okan in E:\development\JavaTutarial\SpringBoot-Ebook\Chapter4)
2018-05-15 23:03:22,877 DEBUG [restartedMain] c.e.C.Chapter4Application [StartupInfoLogger.java:53] Running with Spring Boot v2.0.2.RELEASE, Spring v5.0.6.RELEASE
2018-05-15 23:03:22,879 INFO [restartedMain] c.e.C.Chapter4Application [SpringApplication.java:659] No active profile set, falling back to default profiles: default
2018-05-15 23:03:22,928 INFO [restartedMain] o.s.b.w.s.c.AnnotationConfigServletWebServerApplicationContext [AbstractApplicationContext.java:590] Refreshing org.springframework.boot.web.servlet.context.AnnotationConfigServletWebServerApplicationContext@22ce3581: startup date [Tue May 15 23:03:22 EET 2018]; root of context hierarchy
2018-05-15 23:03:24,794 INFO [restartedMain] o.s.b.w.e.t.TomcatWebServer [TomcatWebServer.java:91] Tomcat initialized with port(s): 8080 (http)
2018-05-15 23:03:24,813 INFO [restartedMain] o.a.c.h.Http11NioProtocol [DirectJDKLog.java:180] Initializing ProtocolHandler ["http-nio-8080"]
2018-05-15 23:03:24,822 INFO [restartedMain] o.a.c.c.StandardService [DirectJDKLog.java:180] Starting service [Tomcat]
2018-05-15 23:03:24,822 INFO [restartedMain] o.a.c.c.StandardEngine [DirectJDKLog.java:180] Starting Servlet Engine: Apache Tomcat/8.5.31
2018-05-15 23:03:24,832 INFO [localhost-startStop-1] o.a.c.c.AprLifecycleListener [DirectJDKLog.java:180] The APR based Apache Tomcat Native library which allows optimal performance in production environments was not found on the java.library.path: [E:\development\devTools\java\jdk1.8.0_161\bin;C:\WINDOWS\Sun\Java\bin;C:\WINDOWS\system32;C:\WINDOWS;C:\Program Files\Docker\Docker\Resources\bin;E:\app\product\12.1.0\client_1;E:\app\product\12.1.0\client_1\bin;C:\oraclexe\app\oracle\product\11.2.0\server\bin;C:\WINDOWS\system32;C:\WINDOWS;C:\WINDOWS\System32\Wbem;C:\WINDOWS\System32\WindowsPowerShell\v1.0\;C:\Program Files (x86)\Skype\Phone\;C:\Users\okan\.dnx\bin;C:\Program Files\Microsoft DNX\Dnvm\;C:\Program Files\Microsoft SQL Server\120\Tools\Binn\;C:\Program Files\Microsoft SQL Server\130\Tools\Binn\;C:\Program Files\Git\cmd;E:\development\devTools\java\jdk1.8.0_161\bin;E:\development\devTools\gradle-4.5.1\bin;C:\Program Files (x86)\NVIDIA Corporation\PhysX\Common;E:\development\devTools\apache-maven-3.5.3\bin;E:\development\devTools\apache-maven-3.5.3\bin;C:\Users\okan\AppData\Local\Microsoft\WindowsApps;;.]
2018-05-15 23:03:24,951 INFO [localhost-startStop-1] o.a.c.c.C.[.[.[/] [DirectJDKLog.java:180] Initializing Spring embedded WebApplicationContext
2018-05-15 23:03:24,952 INFO [localhost-startStop-1] o.s.w.c.ContextLoader [ServletWebServerApplicationContext.java:285] Root WebApplicationContext: initialization completed in 2026 ms
2018-05-15 23:03:25,103 INFO [localhost-startStop-1] o.s.b.w.s.ServletRegistrationBean [ServletRegistrationBean.java:185] Servlet dispatcherServlet mapped to [/]
2018-05-15 23:03:25,107 INFO [localhost-startStop-1] o.s.b.w.s.FilterRegistrationBean [AbstractFilterRegistrationBean.java:244] Mapping filter: 'characterEncodingFilter' to: [/*]
2018-05-15 23:03:25,107 INFO [localhost-startStop-1] o.s.b.w.s.FilterRegistrationBean [AbstractFilterRegistrationBean.java:244] Mapping filter: 'hiddenHttpMethodFilter' to: [/*]
2018-05-15 23:03:25,107 INFO [localhost-startStop-1] o.s.b.w.s.FilterRegistrationBean [AbstractFilterRegistrationBean.java:244] Mapping filter: 'httpPutFormContentFilter' to: [/*]
2018-05-15 23:03:25,108 INFO [localhost-startStop-1] o.s.b.w.s.FilterRegistrationBean [AbstractFilterRegistrationBean.java:244] Mapping filter: 'requestContextFilter' to: [/*]
2018-05-15 23:03:25,242 INFO [restartedMain] o.s.w.s.h.SimpleUrlHandlerMapping [AbstractUrlHandlerMapping.java:373] Mapped URL path [/**/favicon.ico] onto handler of type [class org.springframework.web.servlet.resource.ResourceHttpRequestHandler]
2018-05-15 23:03:25,478 INFO [restartedMain] o.s.w.s.m.m.a.RequestMappingHandlerAdapter [RequestMappingHandlerAdapter.java:574] Looking for @ControllerAdvice: org.springframework.boot.web.servlet.context.AnnotationConfigServletWebServerApplicationContext@22ce3581: startup date [Tue May 15 23:03:22 EET 2018]; root of context hierarchy
2018-05-15 23:03:25,558 INFO [restartedMain] o.s.w.s.m.m.a.RequestMappingHandlerMapping [AbstractHandlerMethodMapping.java:547] Mapped "{[/]}" onto public java.lang.String com.example.Chapter4.HomeController.home(org.springframework.ui.Model)
2018-05-15 23:03:25,563 INFO [restartedMain] o.s.w.s.m.m.a.RequestMappingHandlerMapping [AbstractHandlerMethodMapping.java:547] Mapped "{[/error]}" onto public org.springframework.http.ResponseEntity<java.util.Map<java.lang.String, java.lang.Object>> org.springframework.boot.autoconfigure.web.servlet.error.BasicErrorController.error(javax.servlet.http.HttpServletRequest)
2018-05-15 23:03:25,564 INFO [restartedMain] o.s.w.s.m.m.a.RequestMappingHandlerMapping [AbstractHandlerMethodMapping.java:547] Mapped "{[/error],produces=[text/html]}" onto public org.springframework.web.servlet.ModelAndView org.springframework.boot.autoconfigure.web.servlet.error.BasicErrorController.errorHtml(javax.servlet.http.HttpServletRequest,javax.servlet.http.HttpServletResponse)
2018-05-15 23:03:25,598 INFO [restartedMain] o.s.w.s.h.SimpleUrlHandlerMapping [AbstractUrlHandlerMapping.java:373] Mapped URL path [/webjars/**] onto handler of type [class org.springframework.web.servlet.resource.ResourceHttpRequestHandler]
2018-05-15 23:03:25,598 INFO [restartedMain] o.s.w.s.h.SimpleUrlHandlerMapping [AbstractUrlHandlerMapping.java:373] Mapped URL path [/**] onto handler of type [class org.springframework.web.servlet.resource.ResourceHttpRequestHandler]
2018-05-15 23:03:25,652 INFO [restartedMain] o.s.b.a.w.s.WelcomePageHandlerMapping [WelcomePageHandlerMapping.java:56] Adding welcome page: class path resource [public/index.html]
2018-05-15 23:03:25,823 INFO [restartedMain] o.s.b.d.a.OptionalLiveReloadServer [OptionalLiveReloadServer.java:57] LiveReload server is running on port 35729
2018-05-15 23:03:25,859 INFO [restartedMain] o.s.j.e.a.AnnotationMBeanExporter [MBeanExporter.java:433] Registering beans for JMX exposure on startup
2018-05-15 23:03:25,880 INFO [restartedMain] o.a.c.h.Http11NioProtocol [DirectJDKLog.java:180] Starting ProtocolHandler ["http-nio-8080"]
2018-05-15 23:03:26,005 INFO [restartedMain] o.a.t.u.n.NioSelectorPool [DirectJDKLog.java:180] Using a shared selector for servlet write/read
2018-05-15 23:03:26,024 INFO [restartedMain] o.s.b.w.e.t.TomcatWebServer [TomcatWebServer.java:206] Tomcat started on port(s): 8080 (http) with context path ''
2018-05-15 23:03:26,028 INFO [restartedMain] c.e.C.Chapter4Application [StartupInfoLogger.java:59] Started Chapter4Application in 3.467 seconds (JVM running for 4.007)
